<?xml version="1.0" encoding="UTF-8"?>
<robot generator="Robot 7.0 (Python 3.10.12 on linux)" generated="2024-05-02T07:14:34.959251" rpa="false" schemaversion="5">
<suite id="s1" name="Agi Testes" source="/home/thiago/teste_agibank/agi_testes.robot">
<test id="s1-t1" name="Abrir blog do Agi" line="11">
<kw name="Abrir Blog" owner="agi_resources" type="SETUP">
<kw name="Abrir Browser" owner="agi_resources">
<kw name="Get Driver Path With Browser" owner="Mycode">
<msg time="2024-05-02T07:14:35.056924" level="INFO">====== WebDriver manager ======</msg>
<msg time="2024-05-02T07:14:35.100223" level="INFO">Get LATEST chromedriver version for google-chrome</msg>
<msg time="2024-05-02T07:14:38.169788" level="INFO">Get LATEST chromedriver version for google-chrome</msg>
<msg time="2024-05-02T07:14:41.242280" level="INFO">Driver [/home/thiago/.wdm/drivers/chromedriver/linux64/123.0.6312.122/chromedriver-linux64/chromedriver] found in cache</msg>
<msg time="2024-05-02T07:14:41.242399" level="INFO">/home/thiago/.wdm/drivers/chromedriver/linux64/123.0.6312.122/chromedriver-linux64/chromedriver</msg>
<msg time="2024-05-02T07:14:41.242514" level="INFO">${driver_path} = /home/thiago/.wdm/drivers/chromedriver/linux64/123.0.6312.122/chromedriver-linux64/chromedriver</msg>
<var>${driver_path}</var>
<arg>chrome</arg>
<status status="PASS" start="2024-05-02T07:14:35.056783" elapsed="6.185762"/>
</kw>
<kw name="Open Browser" owner="SeleniumLibrary">
<msg time="2024-05-02T07:14:41.243484" level="INFO">Opening browser 'chrome' to base url 'https://agibank.com.br/'.</msg>
<arg>https://agibank.com.br/</arg>
<arg>chrome</arg>
<arg>executable_path=${driver_path}</arg>
<doc>Opens a new browser instance to the optional ``url``.</doc>
<status status="PASS" start="2024-05-02T07:14:41.243182" elapsed="4.063893"/>
</kw>
<kw name="Maximize Browser Window" owner="SeleniumLibrary">
<doc>Maximizes current browser window.</doc>
<status status="PASS" start="2024-05-02T07:14:45.307275" elapsed="0.110797"/>
</kw>
<kw name="Capture Page Screenshot" owner="SeleniumLibrary">
<msg time="2024-05-02T07:14:45.815343" level="INFO" html="true">&lt;/td&gt;&lt;/tr&gt;&lt;tr&gt;&lt;td colspan="3"&gt;&lt;a href="selenium-screenshot-258.png"&gt;&lt;img src="selenium-screenshot-258.png" width="800px"&gt;&lt;/a&gt;</msg>
<doc>Takes a screenshot of the current page and embeds it into a log file.</doc>
<status status="PASS" start="2024-05-02T07:14:45.418380" elapsed="0.397066"/>
</kw>
<status status="PASS" start="2024-05-02T07:14:35.056574" elapsed="10.758968"/>
</kw>
<status status="PASS" start="2024-05-02T07:14:35.056373" elapsed="10.759217"/>
</kw>
<kw name="Dado que acessei o Blog da Agi" owner="agi_resources">
<kw name="Go To" owner="SeleniumLibrary">
<msg time="2024-05-02T07:14:45.816155" level="INFO">Opening url 'https://blogdoagi.com.br/'</msg>
<arg>https://blogdoagi.com.br/</arg>
<doc>Navigates the current browser window to the provided ``url``.</doc>
<status status="PASS" start="2024-05-02T07:14:45.816056" elapsed="0.525250"/>
</kw>
<kw name="Capture Page Screenshot" owner="SeleniumLibrary">
<msg time="2024-05-02T07:14:46.665108" level="INFO" html="true">&lt;/td&gt;&lt;/tr&gt;&lt;tr&gt;&lt;td colspan="3"&gt;&lt;a href="selenium-screenshot-259.png"&gt;&lt;img src="selenium-screenshot-259.png" width="800px"&gt;&lt;/a&gt;</msg>
<doc>Takes a screenshot of the current page and embeds it into a log file.</doc>
<status status="PASS" start="2024-05-02T07:14:46.341760" elapsed="0.323467"/>
</kw>
<status status="PASS" start="2024-05-02T07:14:45.815821" elapsed="0.849501"/>
</kw>
<kw name="Quando o Blog for apresentado" owner="agi_resources">
<kw name="Wait Until Page Contains" owner="SeleniumLibrary">
<arg>text=Blog</arg>
<arg>timeout=5</arg>
<doc>Waits until ``text`` appears on the current page.</doc>
<status status="PASS" start="2024-05-02T07:14:46.665777" elapsed="0.013856"/>
</kw>
<kw name="Capture Page Screenshot" owner="SeleniumLibrary">
<msg time="2024-05-02T07:14:46.981693" level="INFO" html="true">&lt;/td&gt;&lt;/tr&gt;&lt;tr&gt;&lt;td colspan="3"&gt;&lt;a href="selenium-screenshot-260.png"&gt;&lt;img src="selenium-screenshot-260.png" width="800px"&gt;&lt;/a&gt;</msg>
<doc>Takes a screenshot of the current page and embeds it into a log file.</doc>
<status status="PASS" start="2024-05-02T07:14:46.679842" elapsed="0.301987"/>
</kw>
<status status="PASS" start="2024-05-02T07:14:46.665544" elapsed="0.316404"/>
</kw>
<kw name="Então será validada a página do Blog" owner="agi_resources">
<kw name="Title Should Be" owner="SeleniumLibrary">
<msg time="2024-05-02T07:14:46.985971" level="INFO">Page title is 'Blog do Agi | Tudo sobre empréstimo e educação financeira'.</msg>
<arg>title=Blog do Agi | Tudo sobre empréstimo e educação financeira</arg>
<doc>Verifies that the current page title equals ``title``.</doc>
<status status="PASS" start="2024-05-02T07:14:46.982442" elapsed="0.003663"/>
</kw>
<kw name="Sleep" owner="BuiltIn">
<msg time="2024-05-02T07:14:49.986826" level="INFO">Slept 3 seconds.</msg>
<arg>3</arg>
<doc>Pauses the test executed for the given time.</doc>
<status status="PASS" start="2024-05-02T07:14:46.986326" elapsed="3.000761"/>
</kw>
<kw name="Capture Page Screenshot" owner="SeleniumLibrary">
<msg time="2024-05-02T07:14:50.299545" level="INFO" html="true">&lt;/td&gt;&lt;/tr&gt;&lt;tr&gt;&lt;td colspan="3"&gt;&lt;a href="selenium-screenshot-261.png"&gt;&lt;img src="selenium-screenshot-261.png" width="800px"&gt;&lt;/a&gt;</msg>
<doc>Takes a screenshot of the current page and embeds it into a log file.</doc>
<status status="PASS" start="2024-05-02T07:14:49.987565" elapsed="0.312079"/>
</kw>
<status status="PASS" start="2024-05-02T07:14:46.982202" elapsed="3.317535"/>
</kw>
<kw name="Fechar Blog" owner="agi_resources" type="TEARDOWN">
<kw name="Capture Page Screenshot" owner="SeleniumLibrary">
<msg time="2024-05-02T07:14:50.588483" level="INFO" html="true">&lt;/td&gt;&lt;/tr&gt;&lt;tr&gt;&lt;td colspan="3"&gt;&lt;a href="selenium-screenshot-262.png"&gt;&lt;img src="selenium-screenshot-262.png" width="800px"&gt;&lt;/a&gt;</msg>
<doc>Takes a screenshot of the current page and embeds it into a log file.</doc>
<status status="PASS" start="2024-05-02T07:14:50.300259" elapsed="0.288328"/>
</kw>
<kw name="Close Browser" owner="SeleniumLibrary">
<doc>Closes the current browser.</doc>
<status status="PASS" start="2024-05-02T07:14:50.588756" elapsed="0.059762"/>
</kw>
<status status="PASS" start="2024-05-02T07:14:50.300001" elapsed="0.348658"/>
</kw>
<status status="PASS" start="2024-05-02T07:14:35.055971" elapsed="15.592791"/>
</test>
<test id="s1-t2" name="Validar o campo pesquisa lado direito" line="16">
<kw name="Abrir Blog" owner="agi_resources" type="SETUP">
<kw name="Abrir Browser" owner="agi_resources">
<kw name="Get Driver Path With Browser" owner="Mycode">
<msg time="2024-05-02T07:14:50.650242" level="INFO">====== WebDriver manager ======</msg>
<msg time="2024-05-02T07:14:50.696976" level="INFO">Get LATEST chromedriver version for google-chrome</msg>
<msg time="2024-05-02T07:14:53.788269" level="INFO">Get LATEST chromedriver version for google-chrome</msg>
<msg time="2024-05-02T07:14:56.857006" level="INFO">Driver [/home/thiago/.wdm/drivers/chromedriver/linux64/123.0.6312.122/chromedriver-linux64/chromedriver] found in cache</msg>
<msg time="2024-05-02T07:14:56.857127" level="INFO">/home/thiago/.wdm/drivers/chromedriver/linux64/123.0.6312.122/chromedriver-linux64/chromedriver</msg>
<msg time="2024-05-02T07:14:56.857235" level="INFO">${driver_path} = /home/thiago/.wdm/drivers/chromedriver/linux64/123.0.6312.122/chromedriver-linux64/chromedriver</msg>
<var>${driver_path}</var>
<arg>chrome</arg>
<status status="PASS" start="2024-05-02T07:14:50.650060" elapsed="6.207203"/>
</kw>
<kw name="Open Browser" owner="SeleniumLibrary">
<msg time="2024-05-02T07:14:56.857754" level="INFO">Opening browser 'chrome' to base url 'https://agibank.com.br/'.</msg>
<arg>https://agibank.com.br/</arg>
<arg>chrome</arg>
<arg>executable_path=${driver_path}</arg>
<doc>Opens a new browser instance to the optional ``url``.</doc>
<status status="PASS" start="2024-05-02T07:14:56.857478" elapsed="3.932301"/>
</kw>
<kw name="Maximize Browser Window" owner="SeleniumLibrary">
<doc>Maximizes current browser window.</doc>
<status status="PASS" start="2024-05-02T07:15:00.790086" elapsed="0.120562"/>
</kw>
<kw name="Capture Page Screenshot" owner="SeleniumLibrary">
<msg time="2024-05-02T07:15:01.293347" level="INFO" html="true">&lt;/td&gt;&lt;/tr&gt;&lt;tr&gt;&lt;td colspan="3"&gt;&lt;a href="selenium-screenshot-263.png"&gt;&lt;img src="selenium-screenshot-263.png" width="800px"&gt;&lt;/a&gt;</msg>
<doc>Takes a screenshot of the current page and embeds it into a log file.</doc>
<status status="PASS" start="2024-05-02T07:15:00.910978" elapsed="0.382561"/>
</kw>
<status status="PASS" start="2024-05-02T07:14:50.649874" elapsed="10.643854"/>
</kw>
<status status="PASS" start="2024-05-02T07:14:50.649626" elapsed="10.644194"/>
</kw>
<kw name="Dado que acessei o Blog da Agi" owner="agi_resources">
<kw name="Go To" owner="SeleniumLibrary">
<msg time="2024-05-02T07:15:01.294537" level="INFO">Opening url 'https://blogdoagi.com.br/'</msg>
<arg>https://blogdoagi.com.br/</arg>
<doc>Navigates the current browser window to the provided ``url``.</doc>
<status status="PASS" start="2024-05-02T07:15:01.294417" elapsed="0.485782"/>
</kw>
<kw name="Capture Page Screenshot" owner="SeleniumLibrary">
<msg time="2024-05-02T07:15:02.103019" level="INFO" html="true">&lt;/td&gt;&lt;/tr&gt;&lt;tr&gt;&lt;td colspan="3"&gt;&lt;a href="selenium-screenshot-264.png"&gt;&lt;img src="selenium-screenshot-264.png" width="800px"&gt;&lt;/a&gt;</msg>
<doc>Takes a screenshot of the current page and embeds it into a log file.</doc>
<status status="PASS" start="2024-05-02T07:15:01.780864" elapsed="0.322255"/>
</kw>
<status status="PASS" start="2024-05-02T07:15:01.294152" elapsed="0.809055"/>
</kw>
<kw name="Quando o Blog for apresentado" owner="agi_resources">
<kw name="Wait Until Page Contains" owner="SeleniumLibrary">
<arg>text=Blog</arg>
<arg>timeout=5</arg>
<doc>Waits until ``text`` appears on the current page.</doc>
<status status="PASS" start="2024-05-02T07:15:02.103659" elapsed="0.013702"/>
</kw>
<kw name="Capture Page Screenshot" owner="SeleniumLibrary">
<msg time="2024-05-02T07:15:02.420142" level="INFO" html="true">&lt;/td&gt;&lt;/tr&gt;&lt;tr&gt;&lt;td colspan="3"&gt;&lt;a href="selenium-screenshot-265.png"&gt;&lt;img src="selenium-screenshot-265.png" width="800px"&gt;&lt;/a&gt;</msg>
<doc>Takes a screenshot of the current page and embeds it into a log file.</doc>
<status status="PASS" start="2024-05-02T07:15:02.117556" elapsed="0.302709"/>
</kw>
<status status="PASS" start="2024-05-02T07:15:02.103422" elapsed="0.316978"/>
</kw>
<kw name="Então válido o botão de pesquisa" owner="agi_resources">
<kw name="Wait Until Page Contains Element" owner="SeleniumLibrary">
<arg>locator=//div[@data-section='section-header-search']</arg>
<arg>timeout= 12</arg>
<doc>Waits until the element ``locator`` appears on the current page.</doc>
<status status="PASS" start="2024-05-02T07:15:02.420936" elapsed="0.007915"/>
</kw>
<kw name="Click Element" owner="SeleniumLibrary">
<msg time="2024-05-02T07:15:02.429238" level="INFO">Clicking element '//div[@data-section='section-header-search']'.</msg>
<arg>locator=//div[@data-section='section-header-search']</arg>
<doc>Click the element identified by ``locator``.</doc>
<status status="PASS" start="2024-05-02T07:15:02.429047" elapsed="0.026184"/>
</kw>
<kw name="Wait Until Page Contains Element" owner="SeleniumLibrary">
<arg>locator=(//input[contains(@name,'s')])[1]</arg>
<arg>timeout= 12</arg>
<doc>Waits until the element ``locator`` appears on the current page.</doc>
<status status="PASS" start="2024-05-02T07:15:02.455443" elapsed="0.007908"/>
</kw>
<kw name="Input Text" owner="SeleniumLibrary">
<msg time="2024-05-02T07:15:02.464042" level="INFO">Typing text 'teste' into text field '(//input[contains(@name,'s')])[1]'.</msg>
<arg>locator=(//input[contains(@name,'s')])[1]</arg>
<arg>text=teste</arg>
<doc>Types the given ``text`` into the text field identified by ``locator``.</doc>
<status status="PASS" start="2024-05-02T07:15:02.463683" elapsed="0.055207"/>
</kw>
<kw name="Click Element" owner="SeleniumLibrary">
<msg time="2024-05-02T07:15:02.519332" level="INFO">Clicking element '//div[@data-section='section-header-search']'.</msg>
<arg>locator=//div[@data-section='section-header-search']</arg>
<doc>Click the element identified by ``locator``.</doc>
<status status="PASS" start="2024-05-02T07:15:02.519121" elapsed="0.994633"/>
</kw>
<kw name="Capture Page Screenshot" owner="SeleniumLibrary">
<msg time="2024-05-02T07:15:03.656727" level="INFO" html="true">&lt;/td&gt;&lt;/tr&gt;&lt;tr&gt;&lt;td colspan="3"&gt;&lt;a href="selenium-screenshot-266.png"&gt;&lt;img src="selenium-screenshot-266.png" width="800px"&gt;&lt;/a&gt;</msg>
<doc>Takes a screenshot of the current page and embeds it into a log file.</doc>
<status status="PASS" start="2024-05-02T07:15:03.514182" elapsed="0.142661"/>
</kw>
<status status="PASS" start="2024-05-02T07:15:02.420668" elapsed="1.236275"/>
</kw>
<kw name="Fechar Blog" owner="agi_resources" type="TEARDOWN">
<kw name="Capture Page Screenshot" owner="SeleniumLibrary">
<msg time="2024-05-02T07:15:03.812101" level="INFO" html="true">&lt;/td&gt;&lt;/tr&gt;&lt;tr&gt;&lt;td colspan="3"&gt;&lt;a href="selenium-screenshot-267.png"&gt;&lt;img src="selenium-screenshot-267.png" width="800px"&gt;&lt;/a&gt;</msg>
<doc>Takes a screenshot of the current page and embeds it into a log file.</doc>
<status status="PASS" start="2024-05-02T07:15:03.657460" elapsed="0.154781"/>
</kw>
<kw name="Close Browser" owner="SeleniumLibrary">
<doc>Closes the current browser.</doc>
<status status="PASS" start="2024-05-02T07:15:03.812466" elapsed="0.060564"/>
</kw>
<status status="PASS" start="2024-05-02T07:15:03.657213" elapsed="0.215954"/>
</kw>
<status status="PASS" start="2024-05-02T07:14:50.649231" elapsed="13.224034"/>
</test>
<test id="s1-t3" name="Validar pesquisa por data" line="21">
<kw name="Abrir Blog" owner="agi_resources" type="SETUP">
<kw name="Abrir Browser" owner="agi_resources">
<kw name="Get Driver Path With Browser" owner="Mycode">
<msg time="2024-05-02T07:15:03.874553" level="INFO">====== WebDriver manager ======</msg>
<msg time="2024-05-02T07:15:03.925973" level="INFO">Get LATEST chromedriver version for google-chrome</msg>
<msg time="2024-05-02T07:15:07.005536" level="INFO">Get LATEST chromedriver version for google-chrome</msg>
<msg time="2024-05-02T07:15:10.084943" level="INFO">Driver [/home/thiago/.wdm/drivers/chromedriver/linux64/123.0.6312.122/chromedriver-linux64/chromedriver] found in cache</msg>
<msg time="2024-05-02T07:15:10.085055" level="INFO">/home/thiago/.wdm/drivers/chromedriver/linux64/123.0.6312.122/chromedriver-linux64/chromedriver</msg>
<msg time="2024-05-02T07:15:10.085147" level="INFO">${driver_path} = /home/thiago/.wdm/drivers/chromedriver/linux64/123.0.6312.122/chromedriver-linux64/chromedriver</msg>
<var>${driver_path}</var>
<arg>chrome</arg>
<status status="PASS" start="2024-05-02T07:15:03.874261" elapsed="6.210909"/>
</kw>
<kw name="Open Browser" owner="SeleniumLibrary">
<msg time="2024-05-02T07:15:10.085589" level="INFO">Opening browser 'chrome' to base url 'https://agibank.com.br/'.</msg>
<arg>https://agibank.com.br/</arg>
<arg>chrome</arg>
<arg>executable_path=${driver_path}</arg>
<doc>Opens a new browser instance to the optional ``url``.</doc>
<status status="PASS" start="2024-05-02T07:15:10.085355" elapsed="3.870218"/>
</kw>
<kw name="Maximize Browser Window" owner="SeleniumLibrary">
<doc>Maximizes current browser window.</doc>
<status status="PASS" start="2024-05-02T07:15:13.955775" elapsed="0.150088"/>
</kw>
<kw name="Capture Page Screenshot" owner="SeleniumLibrary">
<msg time="2024-05-02T07:15:14.518460" level="INFO" html="true">&lt;/td&gt;&lt;/tr&gt;&lt;tr&gt;&lt;td colspan="3"&gt;&lt;a href="selenium-screenshot-268.png"&gt;&lt;img src="selenium-screenshot-268.png" width="800px"&gt;&lt;/a&gt;</msg>
<doc>Takes a screenshot of the current page and embeds it into a log file.</doc>
<status status="PASS" start="2024-05-02T07:15:14.106195" elapsed="0.412376"/>
</kw>
<status status="PASS" start="2024-05-02T07:15:03.874087" elapsed="10.644640"/>
</kw>
<status status="PASS" start="2024-05-02T07:15:03.873848" elapsed="10.644931"/>
</kw>
<kw name="Dado que acessei o Blog da Agi" owner="agi_resources">
<kw name="Go To" owner="SeleniumLibrary">
<msg time="2024-05-02T07:15:14.519359" level="INFO">Opening url 'https://blogdoagi.com.br/'</msg>
<arg>https://blogdoagi.com.br/</arg>
<doc>Navigates the current browser window to the provided ``url``.</doc>
<status status="PASS" start="2024-05-02T07:15:14.519260" elapsed="0.543089"/>
</kw>
<kw name="Capture Page Screenshot" owner="SeleniumLibrary">
<msg time="2024-05-02T07:15:15.373261" level="INFO" html="true">&lt;/td&gt;&lt;/tr&gt;&lt;tr&gt;&lt;td colspan="3"&gt;&lt;a href="selenium-screenshot-269.png"&gt;&lt;img src="selenium-screenshot-269.png" width="800px"&gt;&lt;/a&gt;</msg>
<doc>Takes a screenshot of the current page and embeds it into a log file.</doc>
<status status="PASS" start="2024-05-02T07:15:15.062798" elapsed="0.310561"/>
</kw>
<status status="PASS" start="2024-05-02T07:15:14.519015" elapsed="0.854432"/>
</kw>
<kw name="Quando o Blog for apresentado" owner="agi_resources">
<kw name="Wait Until Page Contains" owner="SeleniumLibrary">
<arg>text=Blog</arg>
<arg>timeout=5</arg>
<doc>Waits until ``text`` appears on the current page.</doc>
<status status="PASS" start="2024-05-02T07:15:15.373858" elapsed="0.012600"/>
</kw>
<kw name="Capture Page Screenshot" owner="SeleniumLibrary">
<msg time="2024-05-02T07:15:15.682010" level="INFO" html="true">&lt;/td&gt;&lt;/tr&gt;&lt;tr&gt;&lt;td colspan="3"&gt;&lt;a href="selenium-screenshot-270.png"&gt;&lt;img src="selenium-screenshot-270.png" width="800px"&gt;&lt;/a&gt;</msg>
<doc>Takes a screenshot of the current page and embeds it into a log file.</doc>
<status status="PASS" start="2024-05-02T07:15:15.386800" elapsed="0.295310"/>
</kw>
<status status="PASS" start="2024-05-02T07:15:15.373636" elapsed="0.308561"/>
</kw>
<kw name="Então realizo uma pesquisa por data" owner="agi_resources">
<kw name="Wait Until Page Contains Element" owner="SeleniumLibrary">
<arg>locator=//div[@data-section='section-header-search']</arg>
<arg>timeout= 12</arg>
<doc>Waits until the element ``locator`` appears on the current page.</doc>
<status status="PASS" start="2024-05-02T07:15:15.682643" elapsed="0.007789"/>
</kw>
<kw name="Click Element" owner="SeleniumLibrary">
<msg time="2024-05-02T07:15:15.690845" level="INFO">Clicking element '//div[@data-section='section-header-search']'.</msg>
<arg>locator=//div[@data-section='section-header-search']</arg>
<doc>Click the element identified by ``locator``.</doc>
<status status="PASS" start="2024-05-02T07:15:15.690641" elapsed="0.025113"/>
</kw>
<kw name="Wait Until Page Contains Element" owner="SeleniumLibrary">
<arg>locator=(//input[contains(@name,'s')])[1]</arg>
<arg>timeout= 12</arg>
<doc>Waits until the element ``locator`` appears on the current page.</doc>
<status status="PASS" start="2024-05-02T07:15:15.715959" elapsed="0.007259"/>
</kw>
<kw name="Input Text" owner="SeleniumLibrary">
<msg time="2024-05-02T07:15:15.723662" level="INFO">Typing text '01/05/2024' into text field '(//input[contains(@name,'s')])[1]'.</msg>
<msg time="2024-05-02T07:15:16.046794" level="INFO" html="true">&lt;/td&gt;&lt;/tr&gt;&lt;tr&gt;&lt;td colspan="3"&gt;&lt;a href="selenium-screenshot-271.png"&gt;&lt;img src="selenium-screenshot-271.png" width="800px"&gt;&lt;/a&gt;</msg>
<msg time="2024-05-02T07:15:16.047016" level="FAIL">ElementNotInteractableException: Message: element not interactable
  (Session info: chrome=123.0.6312.58)
Stacktrace:
#0 0x57499c8ef863 &lt;unknown&gt;
#1 0x57499c5e5717 &lt;unknown&gt;
#2 0x57499c626e3f &lt;unknown&gt;
#3 0x57499c6525a2 &lt;unknown&gt;
#4 0x57499c624e98 &lt;unknown&gt;
#5 0x57499c65276e &lt;unknown&gt;
#6 0x57499c670c19 &lt;unknown&gt;
#7 0x57499c652343 &lt;unknown&gt;
#8 0x57499c623593 &lt;unknown&gt;
#9 0x57499c623f5e &lt;unknown&gt;
#10 0x57499c8b384b &lt;unknown&gt;
#11 0x57499c8b77a5 &lt;unknown&gt;
#12 0x57499c8a1571 &lt;unknown&gt;
#13 0x57499c8b8332 &lt;unknown&gt;
#14 0x57499c88687f &lt;unknown&gt;
#15 0x57499c8de728 &lt;unknown&gt;
#16 0x57499c8de8fb &lt;unknown&gt;
#17 0x57499c8ee9b4 &lt;unknown&gt;
#18 0x771acca94ac3 &lt;unknown&gt;
</msg>
<arg>locator=(//input[contains(@name,'s')])[1]</arg>
<arg>text=01/05/2024</arg>
<doc>Types the given ``text`` into the text field identified by ``locator``.</doc>
<status status="FAIL" start="2024-05-02T07:15:15.723437" elapsed="0.324249">ElementNotInteractableException: Message: element not interactable
  (Session info: chrome=123.0.6312.58)
Stacktrace:
#0 0x57499c8ef863 &lt;unknown&gt;
#1 0x57499c5e5717 &lt;unknown&gt;
#2 0x57499c626e3f &lt;unknown&gt;
#3 0x57499c6525a2 &lt;unknown&gt;
#4 0x57499c624e98 &lt;unknown&gt;
#5 0x57499c65276e &lt;unknown&gt;
#6 0x57499c670c19 &lt;unknown&gt;
#7 0x57499c652343 &lt;unknown&gt;
#8 0x57499c623593 &lt;unknown&gt;
#9 0x57499c623f5e &lt;unknown&gt;
#10 0x57499c8b384b &lt;unknown&gt;
#11 0x57499c8b77a5 &lt;unknown&gt;
#12 0x57499c8a1571 &lt;unknown&gt;
#13 0x57499c8b8332 &lt;unknown&gt;
#14 0x57499c88687f &lt;unknown&gt;
#15 0x57499c8de728 &lt;unknown&gt;
#16 0x57499c8de8fb &lt;unknown&gt;
#17 0x57499c8ee9b4 &lt;unknown&gt;
#18 0x771acca94ac3 &lt;unknown&gt;
</status>
</kw>
<kw name="Sleep" owner="BuiltIn">
<arg>5</arg>
<doc>Pauses the test executed for the given time.</doc>
<status status="NOT RUN" start="2024-05-02T07:15:16.047898" elapsed="0.000031"/>
</kw>
<kw name="Click Element" owner="SeleniumLibrary">
<arg>locator=//div[@data-section='section-header-search']</arg>
<doc>Click the element identified by ``locator``.</doc>
<status status="NOT RUN" start="2024-05-02T07:15:16.048021" elapsed="0.000019"/>
</kw>
<kw name="Capture Page Screenshot" owner="SeleniumLibrary">
<doc>Takes a screenshot of the current page and embeds it into a log file.</doc>
<status status="NOT RUN" start="2024-05-02T07:15:16.048118" elapsed="0.000018"/>
</kw>
<status status="FAIL" start="2024-05-02T07:15:15.682408" elapsed="0.365826">ElementNotInteractableException: Message: element not interactable
  (Session info: chrome=123.0.6312.58)
Stacktrace:
#0 0x57499c8ef863 &lt;unknown&gt;
#1 0x57499c5e5717 &lt;unknown&gt;
#2 0x57499c626e3f &lt;unknown&gt;
#3 0x57499c6525a2 &lt;unknown&gt;
#4 0x57499c624e98 &lt;unknown&gt;
#5 0x57499c65276e &lt;unknown&gt;
#6 0x57499c670c19 &lt;unknown&gt;
#7 0x57499c652343 &lt;unknown&gt;
#8 0x57499c623593 &lt;unknown&gt;
#9 0x57499c623f5e &lt;unknown&gt;
#10 0x57499c8b384b &lt;unknown&gt;
#11 0x57499c8b77a5 &lt;unknown&gt;
#12 0x57499c8a1571 &lt;unknown&gt;
#13 0x57499c8b8332 &lt;unknown&gt;
#14 0x57499c88687f &lt;unknown&gt;
#15 0x57499c8de728 &lt;unknown&gt;
#16 0x57499c8de8fb &lt;unknown&gt;
#17 0x57499c8ee9b4 &lt;unknown&gt;
#18 0x771acca94ac3 &lt;unknown&gt;
</status>
</kw>
<kw name="Fechar Blog" owner="agi_resources" type="TEARDOWN">
<kw name="Capture Page Screenshot" owner="SeleniumLibrary">
<msg time="2024-05-02T07:15:16.377044" level="INFO" html="true">&lt;/td&gt;&lt;/tr&gt;&lt;tr&gt;&lt;td colspan="3"&gt;&lt;a href="selenium-screenshot-272.png"&gt;&lt;img src="selenium-screenshot-272.png" width="800px"&gt;&lt;/a&gt;</msg>
<doc>Takes a screenshot of the current page and embeds it into a log file.</doc>
<status status="PASS" start="2024-05-02T07:15:16.048879" elapsed="0.328276"/>
</kw>
<kw name="Close Browser" owner="SeleniumLibrary">
<doc>Closes the current browser.</doc>
<status status="PASS" start="2024-05-02T07:15:16.377323" elapsed="0.061598"/>
</kw>
<status status="PASS" start="2024-05-02T07:15:16.048640" elapsed="0.390464"/>
</kw>
<status status="FAIL" start="2024-05-02T07:15:03.873540" elapsed="12.565670">ElementNotInteractableException: Message: element not interactable
  (Session info: chrome=123.0.6312.58)
Stacktrace:
#0 0x57499c8ef863 &lt;unknown&gt;
#1 0x57499c5e5717 &lt;unknown&gt;
#2 0x57499c626e3f &lt;unknown&gt;
#3 0x57499c6525a2 &lt;unknown&gt;
#4 0x57499c624e98 &lt;unknown&gt;
#5 0x57499c65276e &lt;unknown&gt;
#6 0x57499c670c19 &lt;unknown&gt;
#7 0x57499c652343 &lt;unknown&gt;
#8 0x57499c623593 &lt;unknown&gt;
#9 0x57499c623f5e &lt;unknown&gt;
#10 0x57499c8b384b &lt;unknown&gt;
#11 0x57499c8b77a5 &lt;unknown&gt;
#12 0x57499c8a1571 &lt;unknown&gt;
#13 0x57499c8b8332 &lt;unknown&gt;
#14 0x57499c88687f &lt;unknown&gt;
#15 0x57499c8de728 &lt;unknown&gt;
#16 0x57499c8de8fb &lt;unknown&gt;
#17 0x57499c8ee9b4 &lt;unknown&gt;
#18 0x771acca94ac3 &lt;unknown&gt;
</status>
</test>
<test id="s1-t4" name="Validar pesquisa com dados inválidos" line="26">
<kw name="Abrir Blog" owner="agi_resources" type="SETUP">
<kw name="Abrir Browser" owner="agi_resources">
<kw name="Get Driver Path With Browser" owner="Mycode">
<msg time="2024-05-02T07:15:16.440918" level="INFO">====== WebDriver manager ======</msg>
<msg time="2024-05-02T07:15:16.494083" level="INFO">Get LATEST chromedriver version for google-chrome</msg>
<msg time="2024-05-02T07:15:19.558678" level="INFO">Get LATEST chromedriver version for google-chrome</msg>
<msg time="2024-05-02T07:15:22.636228" level="INFO">Driver [/home/thiago/.wdm/drivers/chromedriver/linux64/123.0.6312.122/chromedriver-linux64/chromedriver] found in cache</msg>
<msg time="2024-05-02T07:15:22.636404" level="INFO">/home/thiago/.wdm/drivers/chromedriver/linux64/123.0.6312.122/chromedriver-linux64/chromedriver</msg>
<msg time="2024-05-02T07:15:22.636550" level="INFO">${driver_path} = /home/thiago/.wdm/drivers/chromedriver/linux64/123.0.6312.122/chromedriver-linux64/chromedriver</msg>
<var>${driver_path}</var>
<arg>chrome</arg>
<status status="PASS" start="2024-05-02T07:15:16.440739" elapsed="6.195851"/>
</kw>
<kw name="Open Browser" owner="SeleniumLibrary">
<msg time="2024-05-02T07:15:22.637246" level="INFO">Opening browser 'chrome' to base url 'https://agibank.com.br/'.</msg>
<arg>https://agibank.com.br/</arg>
<arg>chrome</arg>
<arg>executable_path=${driver_path}</arg>
<doc>Opens a new browser instance to the optional ``url``.</doc>
<status status="PASS" start="2024-05-02T07:15:22.636881" elapsed="3.884476"/>
</kw>
<kw name="Maximize Browser Window" owner="SeleniumLibrary">
<doc>Maximizes current browser window.</doc>
<status status="PASS" start="2024-05-02T07:15:26.521562" elapsed="0.108400"/>
</kw>
<kw name="Capture Page Screenshot" owner="SeleniumLibrary">
<msg time="2024-05-02T07:15:27.024443" level="INFO" html="true">&lt;/td&gt;&lt;/tr&gt;&lt;tr&gt;&lt;td colspan="3"&gt;&lt;a href="selenium-screenshot-273.png"&gt;&lt;img src="selenium-screenshot-273.png" width="800px"&gt;&lt;/a&gt;</msg>
<doc>Takes a screenshot of the current page and embeds it into a log file.</doc>
<status status="PASS" start="2024-05-02T07:15:26.630177" elapsed="0.394393"/>
</kw>
<status status="PASS" start="2024-05-02T07:15:16.440210" elapsed="10.584456"/>
</kw>
<status status="PASS" start="2024-05-02T07:15:16.439947" elapsed="10.584759"/>
</kw>
<kw name="Dado que acessei o Blog da Agi" owner="agi_resources">
<kw name="Go To" owner="SeleniumLibrary">
<msg time="2024-05-02T07:15:27.025255" level="INFO">Opening url 'https://blogdoagi.com.br/'</msg>
<arg>https://blogdoagi.com.br/</arg>
<doc>Navigates the current browser window to the provided ``url``.</doc>
<status status="PASS" start="2024-05-02T07:15:27.025154" elapsed="0.552845"/>
</kw>
<kw name="Capture Page Screenshot" owner="SeleniumLibrary">
<msg time="2024-05-02T07:15:27.886164" level="INFO" html="true">&lt;/td&gt;&lt;/tr&gt;&lt;tr&gt;&lt;td colspan="3"&gt;&lt;a href="selenium-screenshot-274.png"&gt;&lt;img src="selenium-screenshot-274.png" width="800px"&gt;&lt;/a&gt;</msg>
<doc>Takes a screenshot of the current page and embeds it into a log file.</doc>
<status status="PASS" start="2024-05-02T07:15:27.578830" elapsed="0.307445"/>
</kw>
<status status="PASS" start="2024-05-02T07:15:27.024917" elapsed="0.861456"/>
</kw>
<kw name="Quando o Blog for apresentado" owner="agi_resources">
<kw name="Wait Until Page Contains" owner="SeleniumLibrary">
<arg>text=Blog</arg>
<arg>timeout=5</arg>
<doc>Waits until ``text`` appears on the current page.</doc>
<status status="PASS" start="2024-05-02T07:15:27.886852" elapsed="0.012276"/>
</kw>
<kw name="Capture Page Screenshot" owner="SeleniumLibrary">
<msg time="2024-05-02T07:15:28.209646" level="INFO" html="true">&lt;/td&gt;&lt;/tr&gt;&lt;tr&gt;&lt;td colspan="3"&gt;&lt;a href="selenium-screenshot-275.png"&gt;&lt;img src="selenium-screenshot-275.png" width="800px"&gt;&lt;/a&gt;</msg>
<doc>Takes a screenshot of the current page and embeds it into a log file.</doc>
<status status="PASS" start="2024-05-02T07:15:27.899332" elapsed="0.310445"/>
</kw>
<status status="PASS" start="2024-05-02T07:15:27.886597" elapsed="0.323274"/>
</kw>
<kw name="Então realizo uma pesquisa com dados inválidos" owner="agi_resources">
<kw name="Wait Until Page Contains Element" owner="SeleniumLibrary">
<arg>locator=//div[@data-section='section-header-search']</arg>
<arg>timeout= 12</arg>
<doc>Waits until the element ``locator`` appears on the current page.</doc>
<status status="PASS" start="2024-05-02T07:15:28.210340" elapsed="0.007226"/>
</kw>
<kw name="Click Element" owner="SeleniumLibrary">
<msg time="2024-05-02T07:15:28.217970" level="INFO">Clicking element '//div[@data-section='section-header-search']'.</msg>
<arg>locator=//div[@data-section='section-header-search']</arg>
<doc>Click the element identified by ``locator``.</doc>
<status status="PASS" start="2024-05-02T07:15:28.217779" elapsed="0.026232"/>
</kw>
<kw name="Wait Until Page Contains Element" owner="SeleniumLibrary">
<arg>locator=(//input[contains(@name,'s')])[1]</arg>
<arg>timeout= 12</arg>
<doc>Waits until the element ``locator`` appears on the current page.</doc>
<status status="PASS" start="2024-05-02T07:15:28.244231" elapsed="0.008325"/>
</kw>
<kw name="Input Text" owner="SeleniumLibrary">
<msg time="2024-05-02T07:15:28.253034" level="INFO">Typing text '!@#' into text field '(//input[contains(@name,'s')])[1]'.</msg>
<arg>locator=(//input[contains(@name,'s')])[1]</arg>
<arg>text=!@#</arg>
<doc>Types the given ``text`` into the text field identified by ``locator``.</doc>
<status status="PASS" start="2024-05-02T07:15:28.252795" elapsed="0.052739"/>
</kw>
<kw name="Sleep" owner="BuiltIn">
<msg time="2024-05-02T07:15:33.306256" level="INFO">Slept 5 seconds.</msg>
<arg>5</arg>
<doc>Pauses the test executed for the given time.</doc>
<status status="PASS" start="2024-05-02T07:15:28.305761" elapsed="5.000751"/>
</kw>
<kw name="Click Element" owner="SeleniumLibrary">
<msg time="2024-05-02T07:15:33.307451" level="INFO">Clicking element '//div[@data-section='section-header-search']'.</msg>
<arg>locator=//div[@data-section='section-header-search']</arg>
<doc>Click the element identified by ``locator``.</doc>
<status status="PASS" start="2024-05-02T07:15:33.306971" elapsed="0.065469"/>
</kw>
<kw name="Capture Page Screenshot" owner="SeleniumLibrary">
<msg time="2024-05-02T07:15:34.305831" level="INFO" html="true">&lt;/td&gt;&lt;/tr&gt;&lt;tr&gt;&lt;td colspan="3"&gt;&lt;a href="selenium-screenshot-276.png"&gt;&lt;img src="selenium-screenshot-276.png" width="800px"&gt;&lt;/a&gt;</msg>
<doc>Takes a screenshot of the current page and embeds it into a log file.</doc>
<status status="PASS" start="2024-05-02T07:15:33.372650" elapsed="0.933389"/>
</kw>
<kw name="Wait Until Page Contains" owner="SeleniumLibrary">
<arg>text=Lamentamos, mas nada foi encontrado para sua pesquisa, tente novamente com outras palavras.</arg>
<arg>timeout= 5</arg>
<doc>Waits until ``text`` appears on the current page.</doc>
<status status="PASS" start="2024-05-02T07:15:34.306441" elapsed="0.021372"/>
</kw>
<kw name="Capture Page Screenshot" owner="SeleniumLibrary">
<msg time="2024-05-02T07:15:34.483619" level="INFO" html="true">&lt;/td&gt;&lt;/tr&gt;&lt;tr&gt;&lt;td colspan="3"&gt;&lt;a href="selenium-screenshot-277.png"&gt;&lt;img src="selenium-screenshot-277.png" width="800px"&gt;&lt;/a&gt;</msg>
<doc>Takes a screenshot of the current page and embeds it into a log file.</doc>
<status status="PASS" start="2024-05-02T07:15:34.328062" elapsed="0.155708"/>
</kw>
<status status="PASS" start="2024-05-02T07:15:28.210097" elapsed="6.273770"/>
</kw>
<kw name="Fechar Blog" owner="agi_resources" type="TEARDOWN">
<kw name="Capture Page Screenshot" owner="SeleniumLibrary">
<msg time="2024-05-02T07:15:34.636108" level="INFO" html="true">&lt;/td&gt;&lt;/tr&gt;&lt;tr&gt;&lt;td colspan="3"&gt;&lt;a href="selenium-screenshot-278.png"&gt;&lt;img src="selenium-screenshot-278.png" width="800px"&gt;&lt;/a&gt;</msg>
<doc>Takes a screenshot of the current page and embeds it into a log file.</doc>
<status status="PASS" start="2024-05-02T07:15:34.484387" elapsed="0.151819"/>
</kw>
<kw name="Close Browser" owner="SeleniumLibrary">
<doc>Closes the current browser.</doc>
<status status="PASS" start="2024-05-02T07:15:34.636378" elapsed="0.060850"/>
</kw>
<status status="PASS" start="2024-05-02T07:15:34.484130" elapsed="0.213217"/>
</kw>
<status status="PASS" start="2024-05-02T07:15:16.439573" elapsed="18.257861"/>
</test>
<test id="s1-t5" name="Então realizo a validação de opção de inscrição" line="31">
<kw name="Abrir Blog" owner="agi_resources" type="SETUP">
<kw name="Abrir Browser" owner="agi_resources">
<kw name="Get Driver Path With Browser" owner="Mycode">
<msg time="2024-05-02T07:15:34.698733" level="INFO">====== WebDriver manager ======</msg>
<msg time="2024-05-02T07:15:34.769573" level="INFO">Get LATEST chromedriver version for google-chrome</msg>
<msg time="2024-05-02T07:15:37.849639" level="INFO">Get LATEST chromedriver version for google-chrome</msg>
<msg time="2024-05-02T07:15:40.921368" level="INFO">Driver [/home/thiago/.wdm/drivers/chromedriver/linux64/123.0.6312.122/chromedriver-linux64/chromedriver] found in cache</msg>
<msg time="2024-05-02T07:15:40.921491" level="INFO">/home/thiago/.wdm/drivers/chromedriver/linux64/123.0.6312.122/chromedriver-linux64/chromedriver</msg>
<msg time="2024-05-02T07:15:40.921602" level="INFO">${driver_path} = /home/thiago/.wdm/drivers/chromedriver/linux64/123.0.6312.122/chromedriver-linux64/chromedriver</msg>
<var>${driver_path}</var>
<arg>chrome</arg>
<status status="PASS" start="2024-05-02T07:15:34.698456" elapsed="6.223175"/>
</kw>
<kw name="Open Browser" owner="SeleniumLibrary">
<msg time="2024-05-02T07:15:40.922123" level="INFO">Opening browser 'chrome' to base url 'https://agibank.com.br/'.</msg>
<arg>https://agibank.com.br/</arg>
<arg>chrome</arg>
<arg>executable_path=${driver_path}</arg>
<doc>Opens a new browser instance to the optional ``url``.</doc>
<status status="PASS" start="2024-05-02T07:15:40.921846" elapsed="4.069887"/>
</kw>
<kw name="Maximize Browser Window" owner="SeleniumLibrary">
<doc>Maximizes current browser window.</doc>
<status status="PASS" start="2024-05-02T07:15:44.991929" elapsed="0.102561"/>
</kw>
<kw name="Capture Page Screenshot" owner="SeleniumLibrary">
<msg time="2024-05-02T07:15:45.485391" level="INFO" html="true">&lt;/td&gt;&lt;/tr&gt;&lt;tr&gt;&lt;td colspan="3"&gt;&lt;a href="selenium-screenshot-279.png"&gt;&lt;img src="selenium-screenshot-279.png" width="800px"&gt;&lt;/a&gt;</msg>
<doc>Takes a screenshot of the current page and embeds it into a log file.</doc>
<status status="PASS" start="2024-05-02T07:15:45.094719" elapsed="0.390774"/>
</kw>
<status status="PASS" start="2024-05-02T07:15:34.698298" elapsed="10.787289"/>
</kw>
<status status="PASS" start="2024-05-02T07:15:34.698052" elapsed="10.787580"/>
</kw>
<kw name="Dado que acessei o Blog da Agi" owner="agi_resources">
<kw name="Go To" owner="SeleniumLibrary">
<msg time="2024-05-02T07:15:45.486191" level="INFO">Opening url 'https://blogdoagi.com.br/'</msg>
<arg>https://blogdoagi.com.br/</arg>
<doc>Navigates the current browser window to the provided ``url``.</doc>
<status status="PASS" start="2024-05-02T07:15:45.486087" elapsed="0.557145"/>
</kw>
<kw name="Capture Page Screenshot" owner="SeleniumLibrary">
<msg time="2024-05-02T07:15:46.353092" level="INFO" html="true">&lt;/td&gt;&lt;/tr&gt;&lt;tr&gt;&lt;td colspan="3"&gt;&lt;a href="selenium-screenshot-280.png"&gt;&lt;img src="selenium-screenshot-280.png" width="800px"&gt;&lt;/a&gt;</msg>
<doc>Takes a screenshot of the current page and embeds it into a log file.</doc>
<status status="PASS" start="2024-05-02T07:15:46.043674" elapsed="0.309516"/>
</kw>
<status status="PASS" start="2024-05-02T07:15:45.485850" elapsed="0.867428"/>
</kw>
<kw name="Quando o Blog for apresentado" owner="agi_resources">
<kw name="Wait Until Page Contains" owner="SeleniumLibrary">
<arg>text=Blog</arg>
<arg>timeout=5</arg>
<doc>Waits until ``text`` appears on the current page.</doc>
<status status="PASS" start="2024-05-02T07:15:46.353756" elapsed="0.012101"/>
</kw>
<kw name="Capture Page Screenshot" owner="SeleniumLibrary">
<msg time="2024-05-02T07:15:46.674497" level="INFO" html="true">&lt;/td&gt;&lt;/tr&gt;&lt;tr&gt;&lt;td colspan="3"&gt;&lt;a href="selenium-screenshot-281.png"&gt;&lt;img src="selenium-screenshot-281.png" width="800px"&gt;&lt;/a&gt;</msg>
<doc>Takes a screenshot of the current page and embeds it into a log file.</doc>
<status status="PASS" start="2024-05-02T07:15:46.366053" elapsed="0.308543"/>
</kw>
<status status="PASS" start="2024-05-02T07:15:46.353470" elapsed="0.321212"/>
</kw>
<kw name="Então realizo a validação de opção de inscrição" owner="agi_resources">
<kw name="Wait Until Page Contains Element" owner="SeleniumLibrary">
<arg>locator=//div[@data-section='section-header-search']</arg>
<arg>timeout= 12</arg>
<doc>Waits until the element ``locator`` appears on the current page.</doc>
<status status="PASS" start="2024-05-02T07:15:46.675206" elapsed="0.008216"/>
</kw>
<kw name="Click Element" owner="SeleniumLibrary">
<msg time="2024-05-02T07:15:46.683791" level="INFO">Clicking element '//div[@data-section='section-header-search']'.</msg>
<arg>locator=//div[@data-section='section-header-search']</arg>
<doc>Click the element identified by ``locator``.</doc>
<status status="PASS" start="2024-05-02T07:15:46.683608" elapsed="0.027021"/>
</kw>
<kw name="Wait Until Page Contains Element" owner="SeleniumLibrary">
<arg>locator=(//input[contains(@name,'s')])[1]</arg>
<arg>timeout= 12</arg>
<doc>Waits until the element ``locator`` appears on the current page.</doc>
<status status="PASS" start="2024-05-02T07:15:46.710824" elapsed="0.008636"/>
</kw>
<kw name="Sleep" owner="BuiltIn">
<msg time="2024-05-02T07:15:49.720185" level="INFO">Slept 3 seconds.</msg>
<arg>3</arg>
<doc>Pauses the test executed for the given time.</doc>
<status status="PASS" start="2024-05-02T07:15:46.719691" elapsed="3.000778"/>
</kw>
<kw name="Input Text" owner="SeleniumLibrary">
<msg time="2024-05-02T07:15:49.721425" level="INFO">Typing text '01/05/2024' into text field '(//input[contains(@name,'s')])[1]'.</msg>
<arg>locator=(//input[contains(@name,'s')])[1]</arg>
<arg>text=01/05/2024</arg>
<doc>Types the given ``text`` into the text field identified by ``locator``.</doc>
<status status="PASS" start="2024-05-02T07:15:49.720912" elapsed="0.063837"/>
</kw>
<kw name="Sleep" owner="BuiltIn">
<msg time="2024-05-02T07:15:54.785472" level="INFO">Slept 5 seconds.</msg>
<arg>5</arg>
<doc>Pauses the test executed for the given time.</doc>
<status status="PASS" start="2024-05-02T07:15:49.785035" elapsed="5.000682"/>
</kw>
<kw name="Textarea Should Contain" owner="SeleniumLibrary">
<msg time="2024-05-02T07:15:55.090436" level="INFO" html="true">&lt;/td&gt;&lt;/tr&gt;&lt;tr&gt;&lt;td colspan="3"&gt;&lt;a href="selenium-screenshot-282.png"&gt;&lt;img src="selenium-screenshot-282.png" width="800px"&gt;&lt;/a&gt;</msg>
<msg time="2024-05-02T07:15:55.090567" level="FAIL">Text area with locator '(//input[contains(@name,'s')])[1]' not found.</msg>
<arg>locator=(//input[contains(@name,'s')])[1]</arg>
<arg>expected=01/05/2024</arg>
<doc>Verifies text area ``locator`` contains text ``expected``.</doc>
<status status="FAIL" start="2024-05-02T07:15:54.786154" elapsed="0.304645">Text area with locator '(//input[contains(@name,'s')])[1]' not found.</status>
</kw>
<kw name="Click Element" owner="SeleniumLibrary">
<arg>locator=//div[@data-section='section-header-search']</arg>
<doc>Click the element identified by ``locator``.</doc>
<status status="NOT RUN" start="2024-05-02T07:15:55.091055" elapsed="0.000035"/>
</kw>
<kw name="Capture Page Screenshot" owner="SeleniumLibrary">
<doc>Takes a screenshot of the current page and embeds it into a log file.</doc>
<status status="NOT RUN" start="2024-05-02T07:15:55.091178" elapsed="0.000018"/>
</kw>
<kw name="Wait Until Page Contains Element" owner="SeleniumLibrary">
<arg>locator=//aside[contains(@id,'blog_subscription-3')]</arg>
<arg>timeout= 12</arg>
<doc>Waits until the element ``locator`` appears on the current page.</doc>
<status status="NOT RUN" start="2024-05-02T07:15:55.091266" elapsed="0.000017"/>
</kw>
<kw name="Capture Page Screenshot" owner="SeleniumLibrary">
<doc>Takes a screenshot of the current page and embeds it into a log file.</doc>
<status status="NOT RUN" start="2024-05-02T07:15:55.091354" elapsed="0.000016"/>
</kw>
<status status="FAIL" start="2024-05-02T07:15:46.674923" elapsed="8.416527">Text area with locator '(//input[contains(@name,'s')])[1]' not found.</status>
</kw>
<kw name="Fechar Blog" owner="agi_resources" type="TEARDOWN">
<kw name="Capture Page Screenshot" owner="SeleniumLibrary">
<msg time="2024-05-02T07:15:55.336283" level="INFO" html="true">&lt;/td&gt;&lt;/tr&gt;&lt;tr&gt;&lt;td colspan="3"&gt;&lt;a href="selenium-screenshot-283.png"&gt;&lt;img src="selenium-screenshot-283.png" width="800px"&gt;&lt;/a&gt;</msg>
<doc>Takes a screenshot of the current page and embeds it into a log file.</doc>
<status status="PASS" start="2024-05-02T07:15:55.091949" elapsed="0.244457"/>
</kw>
<kw name="Close Browser" owner="SeleniumLibrary">
<doc>Closes the current browser.</doc>
<status status="PASS" start="2024-05-02T07:15:55.336564" elapsed="0.061415"/>
</kw>
<status status="PASS" start="2024-05-02T07:15:55.091723" elapsed="0.306451"/>
</kw>
<status status="FAIL" start="2024-05-02T07:15:34.697698" elapsed="20.700611">Text area with locator '(//input[contains(@name,'s')])[1]' not found.</status>
</test>
<status status="FAIL" start="2024-05-02T07:14:34.959908" elapsed="80.439038"/>
</suite>
<statistics>
<total>
<stat pass="3" fail="2" skip="0">All Tests</stat>
</total>
<tag>
</tag>
<suite>
<stat pass="3" fail="2" skip="0" id="s1" name="Agi Testes">Agi Testes</stat>
</suite>
</statistics>
<errors>
<msg time="2024-05-02T07:14:35.055630" level="ERROR">Error in file '/home/thiago/teste_agibank/Resource/agi_resources.robot' on line 5: Library 'Mycode.py' does not exist.</msg>
</errors>
</robot>
