<?xml version="1.0" encoding="UTF-8"?>
<robot generator="Robot 7.0 (Python 3.10.12 on linux)" generated="2024-05-03T17:13:41.225637" rpa="false" schemaversion="5">
<suite id="s1" name="Agi Testes" source="/home/thiago/teste/teste_agibank/agi_testes.robot">
<test id="s1-t1" name="Abrir blog do Agi" line="11">
<kw name="Abrir Blog" owner="agi_resources" type="SETUP">
<kw name="Abrir Browser" owner="agi_resources">
<kw name="Get Driver Path With Browser" owner="Mycode">
<msg time="2024-05-03T17:13:41.333897" level="INFO">====== WebDriver manager ======</msg>
<msg time="2024-05-03T17:13:41.376264" level="INFO">Get LATEST chromedriver version for google-chrome</msg>
<msg time="2024-05-03T17:13:44.469675" level="INFO">Get LATEST chromedriver version for google-chrome</msg>
<msg time="2024-05-03T17:13:47.552085" level="INFO">Get LATEST chromedriver version for google-chrome</msg>
<msg time="2024-05-03T17:13:53.725112" level="INFO">WebDriver version 123.0.6312.122 selected</msg>
<msg time="2024-05-03T17:13:53.725899" level="INFO">Modern chrome version https://storage.googleapis.com/chrome-for-testing-public/123.0.6312.122/linux64/chromedriver-linux64.zip</msg>
<msg time="2024-05-03T17:13:53.725945" level="INFO">About to download new driver from https://storage.googleapis.com/chrome-for-testing-public/123.0.6312.122/linux64/chromedriver-linux64.zip</msg>
<msg time="2024-05-03T17:13:56.872748" level="INFO">Driver downloading response is 200</msg>
<msg time="2024-05-03T17:13:57.058113" level="INFO">Get LATEST chromedriver version for google-chrome</msg>
<msg time="2024-05-03T17:14:00.288260" level="INFO">Driver has been saved in cache [/home/thiago/.wdm/drivers/chromedriver/linux64/123.0.6312.122]</msg>
<msg time="2024-05-03T17:14:00.288655" level="INFO">/home/thiago/.wdm/drivers/chromedriver/linux64/123.0.6312.122/chromedriver-linux64/chromedriver</msg>
<msg time="2024-05-03T17:14:00.288783" level="INFO">${driver_path} = /home/thiago/.wdm/drivers/chromedriver/linux64/123.0.6312.122/chromedriver-linux64/chromedriver</msg>
<var>${driver_path}</var>
<arg>chrome</arg>
<status status="PASS" start="2024-05-03T17:13:41.333737" elapsed="18.955068"/>
</kw>
<kw name="Open Browser" owner="SeleniumLibrary">
<msg time="2024-05-03T17:14:00.289540" level="INFO">Opening browser 'chrome' to base url 'https://agibank.com.br/'.</msg>
<arg>https://agibank.com.br/</arg>
<arg>chrome</arg>
<arg>executable_path=${driver_path}</arg>
<doc>Opens a new browser instance to the optional ``url``.</doc>
<status status="PASS" start="2024-05-03T17:14:00.289288" elapsed="4.069399"/>
</kw>
<kw name="Maximize Browser Window" owner="SeleniumLibrary">
<doc>Maximizes current browser window.</doc>
<status status="PASS" start="2024-05-03T17:14:04.358938" elapsed="0.110886"/>
</kw>
<kw name="Capture Page Screenshot" owner="SeleniumLibrary">
<msg time="2024-05-03T17:14:04.848915" level="INFO" html="true">&lt;/td&gt;&lt;/tr&gt;&lt;tr&gt;&lt;td colspan="3"&gt;&lt;a href="selenium-screenshot-1.png"&gt;&lt;img src="selenium-screenshot-1.png" width="800px"&gt;&lt;/a&gt;</msg>
<doc>Takes a screenshot of the current page and embeds it into a log file.</doc>
<status status="PASS" start="2024-05-03T17:14:04.470191" elapsed="0.378831"/>
</kw>
<status status="PASS" start="2024-05-03T17:13:41.333496" elapsed="23.515627"/>
</kw>
<status status="PASS" start="2024-05-03T17:13:41.333276" elapsed="23.515895"/>
</kw>
<kw name="Dado que acessei o Blog da Agi" owner="agi_resources">
<kw name="Go To" owner="SeleniumLibrary">
<msg time="2024-05-03T17:14:04.849791" level="INFO">Opening url 'https://blogdoagi.com.br/'</msg>
<arg>https://blogdoagi.com.br/</arg>
<doc>Navigates the current browser window to the provided ``url``.</doc>
<status status="PASS" start="2024-05-03T17:14:04.849683" elapsed="0.575840"/>
</kw>
<kw name="Capture Page Screenshot" owner="SeleniumLibrary">
<msg time="2024-05-03T17:14:05.654094" level="INFO" html="true">&lt;/td&gt;&lt;/tr&gt;&lt;tr&gt;&lt;td colspan="3"&gt;&lt;a href="selenium-screenshot-2.png"&gt;&lt;img src="selenium-screenshot-2.png" width="800px"&gt;&lt;/a&gt;</msg>
<doc>Takes a screenshot of the current page and embeds it into a log file.</doc>
<status status="PASS" start="2024-05-03T17:14:05.426058" elapsed="0.228333"/>
</kw>
<status status="PASS" start="2024-05-03T17:14:04.849407" elapsed="0.805172"/>
</kw>
<kw name="Quando o Blog for apresentado" owner="agi_resources">
<kw name="Wait Until Page Contains" owner="SeleniumLibrary">
<arg>text=Blog</arg>
<arg>timeout=5</arg>
<doc>Waits until ``text`` appears on the current page.</doc>
<status status="PASS" start="2024-05-03T17:14:05.655321" elapsed="0.012412"/>
</kw>
<kw name="Capture Page Screenshot" owner="SeleniumLibrary">
<msg time="2024-05-03T17:14:05.937798" level="INFO" html="true">&lt;/td&gt;&lt;/tr&gt;&lt;tr&gt;&lt;td colspan="3"&gt;&lt;a href="selenium-screenshot-3.png"&gt;&lt;img src="selenium-screenshot-3.png" width="800px"&gt;&lt;/a&gt;</msg>
<doc>Takes a screenshot of the current page and embeds it into a log file.</doc>
<status status="PASS" start="2024-05-03T17:14:05.667936" elapsed="0.269956"/>
</kw>
<status status="PASS" start="2024-05-03T17:14:05.654969" elapsed="0.283014"/>
</kw>
<kw name="Então será validada a página do Blog" owner="agi_resources">
<kw name="Title Should Be" owner="SeleniumLibrary">
<msg time="2024-05-03T17:14:05.941952" level="INFO">Page title is 'Blog do Agi | Tudo sobre empréstimo e educação financeira'.</msg>
<arg>title=Blog do Agi | Tudo sobre empréstimo e educação financeira</arg>
<doc>Verifies that the current page title equals ``title``.</doc>
<status status="PASS" start="2024-05-03T17:14:05.938438" elapsed="0.003608"/>
</kw>
<kw name="Sleep" owner="BuiltIn">
<msg time="2024-05-03T17:14:08.942501" level="INFO">Slept 3 seconds.</msg>
<arg>3</arg>
<doc>Pauses the test executed for the given time.</doc>
<status status="PASS" start="2024-05-03T17:14:05.942195" elapsed="3.000537"/>
</kw>
<kw name="Capture Page Screenshot" owner="SeleniumLibrary">
<msg time="2024-05-03T17:14:09.171351" level="INFO" html="true">&lt;/td&gt;&lt;/tr&gt;&lt;tr&gt;&lt;td colspan="3"&gt;&lt;a href="selenium-screenshot-4.png"&gt;&lt;img src="selenium-screenshot-4.png" width="800px"&gt;&lt;/a&gt;</msg>
<doc>Takes a screenshot of the current page and embeds it into a log file.</doc>
<status status="PASS" start="2024-05-03T17:14:08.943143" elapsed="0.228333"/>
</kw>
<status status="PASS" start="2024-05-03T17:14:05.938212" elapsed="3.233357"/>
</kw>
<kw name="Fechar Blog" owner="agi_resources" type="TEARDOWN">
<kw name="Capture Page Screenshot" owner="SeleniumLibrary">
<msg time="2024-05-03T17:14:09.386356" level="INFO" html="true">&lt;/td&gt;&lt;/tr&gt;&lt;tr&gt;&lt;td colspan="3"&gt;&lt;a href="selenium-screenshot-5.png"&gt;&lt;img src="selenium-screenshot-5.png" width="800px"&gt;&lt;/a&gt;</msg>
<doc>Takes a screenshot of the current page and embeds it into a log file.</doc>
<status status="PASS" start="2024-05-03T17:14:09.172108" elapsed="0.214362"/>
</kw>
<kw name="Close Browser" owner="SeleniumLibrary">
<doc>Closes the current browser.</doc>
<status status="PASS" start="2024-05-03T17:14:09.386640" elapsed="0.063867"/>
</kw>
<status status="PASS" start="2024-05-03T17:14:09.171825" elapsed="0.278805"/>
</kw>
<status status="PASS" start="2024-05-03T17:13:41.332881" elapsed="28.117835"/>
</test>
<test id="s1-t2" name="Validar o campo pesquisa lado direito" line="16">
<kw name="Abrir Blog" owner="agi_resources" type="SETUP">
<kw name="Abrir Browser" owner="agi_resources">
<kw name="Get Driver Path With Browser" owner="Mycode">
<msg time="2024-05-03T17:14:09.451797" level="INFO">====== WebDriver manager ======</msg>
<msg time="2024-05-03T17:14:09.499872" level="INFO">Get LATEST chromedriver version for google-chrome</msg>
<msg time="2024-05-03T17:14:12.570389" level="INFO">Get LATEST chromedriver version for google-chrome</msg>
<msg time="2024-05-03T17:14:15.644394" level="INFO">Driver [/home/thiago/.wdm/drivers/chromedriver/linux64/123.0.6312.122/chromedriver-linux64/chromedriver] found in cache</msg>
<msg time="2024-05-03T17:14:15.644539" level="INFO">/home/thiago/.wdm/drivers/chromedriver/linux64/123.0.6312.122/chromedriver-linux64/chromedriver</msg>
<msg time="2024-05-03T17:14:15.644771" level="INFO">${driver_path} = /home/thiago/.wdm/drivers/chromedriver/linux64/123.0.6312.122/chromedriver-linux64/chromedriver</msg>
<var>${driver_path}</var>
<arg>chrome</arg>
<status status="PASS" start="2024-05-03T17:14:09.451641" elapsed="6.193174"/>
</kw>
<kw name="Open Browser" owner="SeleniumLibrary">
<msg time="2024-05-03T17:14:15.645440" level="INFO">Opening browser 'chrome' to base url 'https://agibank.com.br/'.</msg>
<arg>https://agibank.com.br/</arg>
<arg>chrome</arg>
<arg>executable_path=${driver_path}</arg>
<doc>Opens a new browser instance to the optional ``url``.</doc>
<status status="PASS" start="2024-05-03T17:14:15.645083" elapsed="4.783508"/>
</kw>
<kw name="Maximize Browser Window" owner="SeleniumLibrary">
<doc>Maximizes current browser window.</doc>
<status status="PASS" start="2024-05-03T17:14:20.428806" elapsed="0.113617"/>
</kw>
<kw name="Capture Page Screenshot" owner="SeleniumLibrary">
<msg time="2024-05-03T17:14:20.893753" level="INFO" html="true">&lt;/td&gt;&lt;/tr&gt;&lt;tr&gt;&lt;td colspan="3"&gt;&lt;a href="selenium-screenshot-6.png"&gt;&lt;img src="selenium-screenshot-6.png" width="800px"&gt;&lt;/a&gt;</msg>
<doc>Takes a screenshot of the current page and embeds it into a log file.</doc>
<status status="PASS" start="2024-05-03T17:14:20.542687" elapsed="0.351167"/>
</kw>
<status status="PASS" start="2024-05-03T17:14:09.451477" elapsed="11.442471"/>
</kw>
<status status="PASS" start="2024-05-03T17:14:09.451255" elapsed="11.442738"/>
</kw>
<kw name="Dado que acessei o Blog da Agi" owner="agi_resources">
<kw name="Go To" owner="SeleniumLibrary">
<msg time="2024-05-03T17:14:20.894656" level="INFO">Opening url 'https://blogdoagi.com.br/'</msg>
<arg>https://blogdoagi.com.br/</arg>
<doc>Navigates the current browser window to the provided ``url``.</doc>
<status status="PASS" start="2024-05-03T17:14:20.894560" elapsed="0.561921"/>
</kw>
<kw name="Capture Page Screenshot" owner="SeleniumLibrary">
<msg time="2024-05-03T17:14:21.692798" level="INFO" html="true">&lt;/td&gt;&lt;/tr&gt;&lt;tr&gt;&lt;td colspan="3"&gt;&lt;a href="selenium-screenshot-7.png"&gt;&lt;img src="selenium-screenshot-7.png" width="800px"&gt;&lt;/a&gt;</msg>
<doc>Takes a screenshot of the current page and embeds it into a log file.</doc>
<status status="PASS" start="2024-05-03T17:14:21.456939" elapsed="0.235964"/>
</kw>
<status status="PASS" start="2024-05-03T17:14:20.894292" elapsed="0.798701"/>
</kw>
<kw name="Quando o Blog for apresentado" owner="agi_resources">
<kw name="Wait Until Page Contains" owner="SeleniumLibrary">
<arg>text=Blog</arg>
<arg>timeout=5</arg>
<doc>Waits until ``text`` appears on the current page.</doc>
<status status="PASS" start="2024-05-03T17:14:21.693419" elapsed="0.014463"/>
</kw>
<kw name="Capture Page Screenshot" owner="SeleniumLibrary">
<msg time="2024-05-03T17:14:21.942962" level="INFO" html="true">&lt;/td&gt;&lt;/tr&gt;&lt;tr&gt;&lt;td colspan="3"&gt;&lt;a href="selenium-screenshot-8.png"&gt;&lt;img src="selenium-screenshot-8.png" width="800px"&gt;&lt;/a&gt;</msg>
<doc>Takes a screenshot of the current page and embeds it into a log file.</doc>
<status status="PASS" start="2024-05-03T17:14:21.708191" elapsed="0.234870"/>
</kw>
<status status="PASS" start="2024-05-03T17:14:21.693190" elapsed="0.249961"/>
</kw>
<kw name="Então válido o botão de pesquisa" owner="agi_resources">
<kw name="Wait Until Page Contains Element" owner="SeleniumLibrary">
<arg>locator=//div[@data-section='section-header-search']</arg>
<arg>timeout= 12</arg>
<doc>Waits until the element ``locator`` appears on the current page.</doc>
<status status="PASS" start="2024-05-03T17:14:21.943672" elapsed="0.007539"/>
</kw>
<kw name="Click Element" owner="SeleniumLibrary">
<msg time="2024-05-03T17:14:21.951788" level="INFO">Clicking element '//div[@data-section='section-header-search']'.</msg>
<arg>locator=//div[@data-section='section-header-search']</arg>
<doc>Click the element identified by ``locator``.</doc>
<status status="PASS" start="2024-05-03T17:14:21.951499" elapsed="0.026567"/>
</kw>
<kw name="Wait Until Page Contains Element" owner="SeleniumLibrary">
<arg>locator=(//input[contains(@name,'s')])[1]</arg>
<arg>timeout= 12</arg>
<doc>Waits until the element ``locator`` appears on the current page.</doc>
<status status="PASS" start="2024-05-03T17:14:21.978271" elapsed="0.008120"/>
</kw>
<kw name="Input Text" owner="SeleniumLibrary">
<msg time="2024-05-03T17:14:21.986828" level="INFO">Typing text 'teste' into text field '(//input[contains(@name,'s')])[1]'.</msg>
<arg>locator=(//input[contains(@name,'s')])[1]</arg>
<arg>text=teste</arg>
<doc>Types the given ``text`` into the text field identified by ``locator``.</doc>
<status status="PASS" start="2024-05-03T17:14:21.986616" elapsed="0.051329"/>
</kw>
<kw name="Click Element" owner="SeleniumLibrary">
<msg time="2024-05-03T17:14:22.038702" level="INFO">Clicking element '//div[@data-section='section-header-search']'.</msg>
<arg>locator=//div[@data-section='section-header-search']</arg>
<doc>Click the element identified by ``locator``.</doc>
<status status="PASS" start="2024-05-03T17:14:22.038407" elapsed="1.790218"/>
</kw>
<kw name="Capture Page Screenshot" owner="SeleniumLibrary">
<msg time="2024-05-03T17:14:23.965184" level="INFO" html="true">&lt;/td&gt;&lt;/tr&gt;&lt;tr&gt;&lt;td colspan="3"&gt;&lt;a href="selenium-screenshot-9.png"&gt;&lt;img src="selenium-screenshot-9.png" width="800px"&gt;&lt;/a&gt;</msg>
<doc>Takes a screenshot of the current page and embeds it into a log file.</doc>
<status status="PASS" start="2024-05-03T17:14:23.828830" elapsed="0.136452"/>
</kw>
<status status="PASS" start="2024-05-03T17:14:21.943398" elapsed="2.021976"/>
</kw>
<kw name="Fechar Blog" owner="agi_resources" type="TEARDOWN">
<kw name="Capture Page Screenshot" owner="SeleniumLibrary">
<msg time="2024-05-03T17:14:24.147478" level="INFO" html="true">&lt;/td&gt;&lt;/tr&gt;&lt;tr&gt;&lt;td colspan="3"&gt;&lt;a href="selenium-screenshot-10.png"&gt;&lt;img src="selenium-screenshot-10.png" width="800px"&gt;&lt;/a&gt;</msg>
<doc>Takes a screenshot of the current page and embeds it into a log file.</doc>
<status status="PASS" start="2024-05-03T17:14:23.965945" elapsed="0.181634"/>
</kw>
<kw name="Close Browser" owner="SeleniumLibrary">
<doc>Closes the current browser.</doc>
<status status="PASS" start="2024-05-03T17:14:24.147776" elapsed="0.061469"/>
</kw>
<status status="PASS" start="2024-05-03T17:14:23.965687" elapsed="0.243700"/>
</kw>
<status status="PASS" start="2024-05-03T17:14:09.450950" elapsed="14.758562"/>
</test>
<test id="s1-t3" name="Validar pesquisa por data" line="21">
<kw name="Abrir Blog" owner="agi_resources" type="SETUP">
<kw name="Abrir Browser" owner="agi_resources">
<kw name="Get Driver Path With Browser" owner="Mycode">
<msg time="2024-05-03T17:14:24.211105" level="INFO">====== WebDriver manager ======</msg>
<msg time="2024-05-03T17:14:24.258259" level="INFO">Get LATEST chromedriver version for google-chrome</msg>
<msg time="2024-05-03T17:14:27.338036" level="INFO">Get LATEST chromedriver version for google-chrome</msg>
<msg time="2024-05-03T17:14:30.404549" level="INFO">Driver [/home/thiago/.wdm/drivers/chromedriver/linux64/123.0.6312.122/chromedriver-linux64/chromedriver] found in cache</msg>
<msg time="2024-05-03T17:14:30.404669" level="INFO">/home/thiago/.wdm/drivers/chromedriver/linux64/123.0.6312.122/chromedriver-linux64/chromedriver</msg>
<msg time="2024-05-03T17:14:30.404765" level="INFO">${driver_path} = /home/thiago/.wdm/drivers/chromedriver/linux64/123.0.6312.122/chromedriver-linux64/chromedriver</msg>
<var>${driver_path}</var>
<arg>chrome</arg>
<status status="PASS" start="2024-05-03T17:14:24.210784" elapsed="6.194006"/>
</kw>
<kw name="Open Browser" owner="SeleniumLibrary">
<msg time="2024-05-03T17:14:30.405223" level="INFO">Opening browser 'chrome' to base url 'https://agibank.com.br/'.</msg>
<arg>https://agibank.com.br/</arg>
<arg>chrome</arg>
<arg>executable_path=${driver_path}</arg>
<doc>Opens a new browser instance to the optional ``url``.</doc>
<status status="PASS" start="2024-05-03T17:14:30.404979" elapsed="3.832021"/>
</kw>
<kw name="Maximize Browser Window" owner="SeleniumLibrary">
<doc>Maximizes current browser window.</doc>
<status status="PASS" start="2024-05-03T17:14:34.237337" elapsed="0.108909"/>
</kw>
<kw name="Capture Page Screenshot" owner="SeleniumLibrary">
<msg time="2024-05-03T17:14:34.708564" level="INFO" html="true">&lt;/td&gt;&lt;/tr&gt;&lt;tr&gt;&lt;td colspan="3"&gt;&lt;a href="selenium-screenshot-11.png"&gt;&lt;img src="selenium-screenshot-11.png" width="800px"&gt;&lt;/a&gt;</msg>
<doc>Takes a screenshot of the current page and embeds it into a log file.</doc>
<status status="PASS" start="2024-05-03T17:14:34.346571" elapsed="0.362095"/>
</kw>
<status status="PASS" start="2024-05-03T17:14:24.210593" elapsed="10.498166"/>
</kw>
<status status="PASS" start="2024-05-03T17:14:24.210251" elapsed="10.498555"/>
</kw>
<kw name="Dado que acessei o Blog da Agi" owner="agi_resources">
<kw name="Go To" owner="SeleniumLibrary">
<msg time="2024-05-03T17:14:34.709351" level="INFO">Opening url 'https://blogdoagi.com.br/'</msg>
<arg>https://blogdoagi.com.br/</arg>
<doc>Navigates the current browser window to the provided ``url``.</doc>
<status status="PASS" start="2024-05-03T17:14:34.709255" elapsed="0.539374"/>
</kw>
<kw name="Capture Page Screenshot" owner="SeleniumLibrary">
<msg time="2024-05-03T17:14:35.514163" level="INFO" html="true">&lt;/td&gt;&lt;/tr&gt;&lt;tr&gt;&lt;td colspan="3"&gt;&lt;a href="selenium-screenshot-12.png"&gt;&lt;img src="selenium-screenshot-12.png" width="800px"&gt;&lt;/a&gt;</msg>
<doc>Takes a screenshot of the current page and embeds it into a log file.</doc>
<status status="PASS" start="2024-05-03T17:14:35.249088" elapsed="0.265175"/>
</kw>
<status status="PASS" start="2024-05-03T17:14:34.709021" elapsed="0.805333"/>
</kw>
<kw name="Quando o Blog for apresentado" owner="agi_resources">
<kw name="Wait Until Page Contains" owner="SeleniumLibrary">
<arg>text=Blog</arg>
<arg>timeout=5</arg>
<doc>Waits until ``text`` appears on the current page.</doc>
<status status="PASS" start="2024-05-03T17:14:35.514803" elapsed="0.012781"/>
</kw>
<kw name="Capture Page Screenshot" owner="SeleniumLibrary">
<msg time="2024-05-03T17:14:35.771317" level="INFO" html="true">&lt;/td&gt;&lt;/tr&gt;&lt;tr&gt;&lt;td colspan="3"&gt;&lt;a href="selenium-screenshot-13.png"&gt;&lt;img src="selenium-screenshot-13.png" width="800px"&gt;&lt;/a&gt;</msg>
<doc>Takes a screenshot of the current page and embeds it into a log file.</doc>
<status status="PASS" start="2024-05-03T17:14:35.527785" elapsed="0.243640"/>
</kw>
<status status="PASS" start="2024-05-03T17:14:35.514568" elapsed="0.256942"/>
</kw>
<kw name="Então realizo uma pesquisa por data" owner="agi_resources">
<kw name="Wait Until Page Contains Element" owner="SeleniumLibrary">
<arg>locator=//div[@data-section='section-header-search']</arg>
<arg>timeout= 12</arg>
<doc>Waits until the element ``locator`` appears on the current page.</doc>
<status status="PASS" start="2024-05-03T17:14:35.771948" elapsed="0.007730"/>
</kw>
<kw name="Click Element" owner="SeleniumLibrary">
<msg time="2024-05-03T17:14:35.780060" level="INFO">Clicking element '//div[@data-section='section-header-search']'.</msg>
<arg>locator=//div[@data-section='section-header-search']</arg>
<doc>Click the element identified by ``locator``.</doc>
<status status="PASS" start="2024-05-03T17:14:35.779872" elapsed="0.025671"/>
</kw>
<kw name="Wait Until Page Contains Element" owner="SeleniumLibrary">
<arg>locator=(//input[contains(@name,'s')])[1]</arg>
<arg>timeout= 12</arg>
<doc>Waits until the element ``locator`` appears on the current page.</doc>
<status status="PASS" start="2024-05-03T17:14:35.805760" elapsed="0.007246"/>
</kw>
<kw name="Input Text" owner="SeleniumLibrary">
<msg time="2024-05-03T17:14:35.813440" level="INFO">Typing text '01/05/2024' into text field '(//input[contains(@name,'s')])[1]'.</msg>
<msg time="2024-05-03T17:14:36.079471" level="INFO" html="true">&lt;/td&gt;&lt;/tr&gt;&lt;tr&gt;&lt;td colspan="3"&gt;&lt;a href="selenium-screenshot-14.png"&gt;&lt;img src="selenium-screenshot-14.png" width="800px"&gt;&lt;/a&gt;</msg>
<msg time="2024-05-03T17:14:36.079645" level="FAIL">ElementNotInteractableException: Message: element not interactable
  (Session info: chrome=123.0.6312.58)
Stacktrace:
#0 0x6237b8612863 &lt;unknown&gt;
#1 0x6237b8308717 &lt;unknown&gt;
#2 0x6237b8349e3f &lt;unknown&gt;
#3 0x6237b83755a2 &lt;unknown&gt;
#4 0x6237b8347e98 &lt;unknown&gt;
#5 0x6237b837576e &lt;unknown&gt;
#6 0x6237b8393c19 &lt;unknown&gt;
#7 0x6237b8375343 &lt;unknown&gt;
#8 0x6237b8346593 &lt;unknown&gt;
#9 0x6237b8346f5e &lt;unknown&gt;
#10 0x6237b85d684b &lt;unknown&gt;
#11 0x6237b85da7a5 &lt;unknown&gt;
#12 0x6237b85c4571 &lt;unknown&gt;
#13 0x6237b85db332 &lt;unknown&gt;
#14 0x6237b85a987f &lt;unknown&gt;
#15 0x6237b8601728 &lt;unknown&gt;
#16 0x6237b86018fb &lt;unknown&gt;
#17 0x6237b86119b4 &lt;unknown&gt;
#18 0x746b51094ac3 &lt;unknown&gt;
</msg>
<arg>locator=(//input[contains(@name,'s')])[1]</arg>
<arg>text=01/05/2024</arg>
<doc>Types the given ``text`` into the text field identified by ``locator``.</doc>
<status status="FAIL" start="2024-05-03T17:14:35.813218" elapsed="0.267004">ElementNotInteractableException: Message: element not interactable
  (Session info: chrome=123.0.6312.58)
Stacktrace:
#0 0x6237b8612863 &lt;unknown&gt;
#1 0x6237b8308717 &lt;unknown&gt;
#2 0x6237b8349e3f &lt;unknown&gt;
#3 0x6237b83755a2 &lt;unknown&gt;
#4 0x6237b8347e98 &lt;unknown&gt;
#5 0x6237b837576e &lt;unknown&gt;
#6 0x6237b8393c19 &lt;unknown&gt;
#7 0x6237b8375343 &lt;unknown&gt;
#8 0x6237b8346593 &lt;unknown&gt;
#9 0x6237b8346f5e &lt;unknown&gt;
#10 0x6237b85d684b &lt;unknown&gt;
#11 0x6237b85da7a5 &lt;unknown&gt;
#12 0x6237b85c4571 &lt;unknown&gt;
#13 0x6237b85db332 &lt;unknown&gt;
#14 0x6237b85a987f &lt;unknown&gt;
#15 0x6237b8601728 &lt;unknown&gt;
#16 0x6237b86018fb &lt;unknown&gt;
#17 0x6237b86119b4 &lt;unknown&gt;
#18 0x746b51094ac3 &lt;unknown&gt;
</status>
</kw>
<kw name="Sleep" owner="BuiltIn">
<arg>8</arg>
<doc>Pauses the test executed for the given time.</doc>
<status status="NOT RUN" start="2024-05-03T17:14:36.080423" elapsed="0.000030"/>
</kw>
<kw name="Click Element" owner="SeleniumLibrary">
<arg>locator=//div[@data-section='section-header-search']</arg>
<doc>Click the element identified by ``locator``.</doc>
<status status="NOT RUN" start="2024-05-03T17:14:36.080544" elapsed="0.000018"/>
</kw>
<kw name="Capture Page Screenshot" owner="SeleniumLibrary">
<doc>Takes a screenshot of the current page and embeds it into a log file.</doc>
<status status="NOT RUN" start="2024-05-03T17:14:36.080634" elapsed="0.000016"/>
</kw>
<status status="FAIL" start="2024-05-03T17:14:35.771712" elapsed="0.309034">ElementNotInteractableException: Message: element not interactable
  (Session info: chrome=123.0.6312.58)
Stacktrace:
#0 0x6237b8612863 &lt;unknown&gt;
#1 0x6237b8308717 &lt;unknown&gt;
#2 0x6237b8349e3f &lt;unknown&gt;
#3 0x6237b83755a2 &lt;unknown&gt;
#4 0x6237b8347e98 &lt;unknown&gt;
#5 0x6237b837576e &lt;unknown&gt;
#6 0x6237b8393c19 &lt;unknown&gt;
#7 0x6237b8375343 &lt;unknown&gt;
#8 0x6237b8346593 &lt;unknown&gt;
#9 0x6237b8346f5e &lt;unknown&gt;
#10 0x6237b85d684b &lt;unknown&gt;
#11 0x6237b85da7a5 &lt;unknown&gt;
#12 0x6237b85c4571 &lt;unknown&gt;
#13 0x6237b85db332 &lt;unknown&gt;
#14 0x6237b85a987f &lt;unknown&gt;
#15 0x6237b8601728 &lt;unknown&gt;
#16 0x6237b86018fb &lt;unknown&gt;
#17 0x6237b86119b4 &lt;unknown&gt;
#18 0x746b51094ac3 &lt;unknown&gt;
</status>
</kw>
<kw name="Fechar Blog" owner="agi_resources" type="TEARDOWN">
<kw name="Capture Page Screenshot" owner="SeleniumLibrary">
<msg time="2024-05-03T17:14:36.331988" level="INFO" html="true">&lt;/td&gt;&lt;/tr&gt;&lt;tr&gt;&lt;td colspan="3"&gt;&lt;a href="selenium-screenshot-15.png"&gt;&lt;img src="selenium-screenshot-15.png" width="800px"&gt;&lt;/a&gt;</msg>
<doc>Takes a screenshot of the current page and embeds it into a log file.</doc>
<status status="PASS" start="2024-05-03T17:14:36.081247" elapsed="0.250836"/>
</kw>
<kw name="Close Browser" owner="SeleniumLibrary">
<doc>Closes the current browser.</doc>
<status status="PASS" start="2024-05-03T17:14:36.332238" elapsed="0.059763"/>
</kw>
<status status="PASS" start="2024-05-03T17:14:36.081035" elapsed="0.311401"/>
</kw>
<status status="FAIL" start="2024-05-03T17:14:24.209857" elapsed="12.182771">ElementNotInteractableException: Message: element not interactable
  (Session info: chrome=123.0.6312.58)
Stacktrace:
#0 0x6237b8612863 &lt;unknown&gt;
#1 0x6237b8308717 &lt;unknown&gt;
#2 0x6237b8349e3f &lt;unknown&gt;
#3 0x6237b83755a2 &lt;unknown&gt;
#4 0x6237b8347e98 &lt;unknown&gt;
#5 0x6237b837576e &lt;unknown&gt;
#6 0x6237b8393c19 &lt;unknown&gt;
#7 0x6237b8375343 &lt;unknown&gt;
#8 0x6237b8346593 &lt;unknown&gt;
#9 0x6237b8346f5e &lt;unknown&gt;
#10 0x6237b85d684b &lt;unknown&gt;
#11 0x6237b85da7a5 &lt;unknown&gt;
#12 0x6237b85c4571 &lt;unknown&gt;
#13 0x6237b85db332 &lt;unknown&gt;
#14 0x6237b85a987f &lt;unknown&gt;
#15 0x6237b8601728 &lt;unknown&gt;
#16 0x6237b86018fb &lt;unknown&gt;
#17 0x6237b86119b4 &lt;unknown&gt;
#18 0x746b51094ac3 &lt;unknown&gt;
</status>
</test>
<test id="s1-t4" name="Validar pesquisa com dados inválidos" line="26">
<kw name="Abrir Blog" owner="agi_resources" type="SETUP">
<kw name="Abrir Browser" owner="agi_resources">
<kw name="Get Driver Path With Browser" owner="Mycode">
<msg time="2024-05-03T17:14:36.395397" level="INFO">====== WebDriver manager ======</msg>
<msg time="2024-05-03T17:14:36.443936" level="INFO">Get LATEST chromedriver version for google-chrome</msg>
<msg time="2024-05-03T17:14:39.510436" level="INFO">Get LATEST chromedriver version for google-chrome</msg>
<msg time="2024-05-03T17:14:42.582346" level="INFO">Driver [/home/thiago/.wdm/drivers/chromedriver/linux64/123.0.6312.122/chromedriver-linux64/chromedriver] found in cache</msg>
<msg time="2024-05-03T17:14:42.582463" level="INFO">/home/thiago/.wdm/drivers/chromedriver/linux64/123.0.6312.122/chromedriver-linux64/chromedriver</msg>
<msg time="2024-05-03T17:14:42.582558" level="INFO">${driver_path} = /home/thiago/.wdm/drivers/chromedriver/linux64/123.0.6312.122/chromedriver-linux64/chromedriver</msg>
<var>${driver_path}</var>
<arg>chrome</arg>
<status status="PASS" start="2024-05-03T17:14:36.395127" elapsed="6.187454"/>
</kw>
<kw name="Open Browser" owner="SeleniumLibrary">
<msg time="2024-05-03T17:14:42.583010" level="INFO">Opening browser 'chrome' to base url 'https://agibank.com.br/'.</msg>
<arg>https://agibank.com.br/</arg>
<arg>chrome</arg>
<arg>executable_path=${driver_path}</arg>
<doc>Opens a new browser instance to the optional ``url``.</doc>
<status status="PASS" start="2024-05-03T17:14:42.582771" elapsed="3.845982"/>
</kw>
<kw name="Maximize Browser Window" owner="SeleniumLibrary">
<doc>Maximizes current browser window.</doc>
<status status="PASS" start="2024-05-03T17:14:46.428961" elapsed="0.104056"/>
</kw>
<kw name="Capture Page Screenshot" owner="SeleniumLibrary">
<msg time="2024-05-03T17:14:46.897271" level="INFO" html="true">&lt;/td&gt;&lt;/tr&gt;&lt;tr&gt;&lt;td colspan="3"&gt;&lt;a href="selenium-screenshot-16.png"&gt;&lt;img src="selenium-screenshot-16.png" width="800px"&gt;&lt;/a&gt;</msg>
<doc>Takes a screenshot of the current page and embeds it into a log file.</doc>
<status status="PASS" start="2024-05-03T17:14:46.533222" elapsed="0.364148"/>
</kw>
<status status="PASS" start="2024-05-03T17:14:36.394494" elapsed="10.502970"/>
</kw>
<status status="PASS" start="2024-05-03T17:14:36.393654" elapsed="10.503857"/>
</kw>
<kw name="Dado que acessei o Blog da Agi" owner="agi_resources">
<kw name="Go To" owner="SeleniumLibrary">
<msg time="2024-05-03T17:14:46.898133" level="INFO">Opening url 'https://blogdoagi.com.br/'</msg>
<arg>https://blogdoagi.com.br/</arg>
<doc>Navigates the current browser window to the provided ``url``.</doc>
<status status="PASS" start="2024-05-03T17:14:46.897974" elapsed="0.596787"/>
</kw>
<kw name="Capture Page Screenshot" owner="SeleniumLibrary">
<msg time="2024-05-03T17:14:47.725272" level="INFO" html="true">&lt;/td&gt;&lt;/tr&gt;&lt;tr&gt;&lt;td colspan="3"&gt;&lt;a href="selenium-screenshot-17.png"&gt;&lt;img src="selenium-screenshot-17.png" width="800px"&gt;&lt;/a&gt;</msg>
<doc>Takes a screenshot of the current page and embeds it into a log file.</doc>
<status status="PASS" start="2024-05-03T17:14:47.495025" elapsed="0.230348"/>
</kw>
<status status="PASS" start="2024-05-03T17:14:46.897731" elapsed="0.827736"/>
</kw>
<kw name="Quando o Blog for apresentado" owner="agi_resources">
<kw name="Wait Until Page Contains" owner="SeleniumLibrary">
<arg>text=Blog</arg>
<arg>timeout=5</arg>
<doc>Waits until ``text`` appears on the current page.</doc>
<status status="PASS" start="2024-05-03T17:14:47.725902" elapsed="0.011907"/>
</kw>
<kw name="Capture Page Screenshot" owner="SeleniumLibrary">
<msg time="2024-05-03T17:14:47.993829" level="INFO" html="true">&lt;/td&gt;&lt;/tr&gt;&lt;tr&gt;&lt;td colspan="3"&gt;&lt;a href="selenium-screenshot-18.png"&gt;&lt;img src="selenium-screenshot-18.png" width="800px"&gt;&lt;/a&gt;</msg>
<doc>Takes a screenshot of the current page and embeds it into a log file.</doc>
<status status="PASS" start="2024-05-03T17:14:47.738058" elapsed="0.255870"/>
</kw>
<status status="PASS" start="2024-05-03T17:14:47.725665" elapsed="0.268354"/>
</kw>
<kw name="Então realizo uma pesquisa com dados inválidos" owner="agi_resources">
<kw name="Wait Until Page Contains Element" owner="SeleniumLibrary">
<arg>locator=//div[@data-section='section-header-search']</arg>
<arg>timeout= 12</arg>
<doc>Waits until the element ``locator`` appears on the current page.</doc>
<status status="PASS" start="2024-05-03T17:14:47.994509" elapsed="0.008589"/>
</kw>
<kw name="Click Element" owner="SeleniumLibrary">
<msg time="2024-05-03T17:14:48.003731" level="INFO">Clicking element '//div[@data-section='section-header-search']'.</msg>
<arg>locator=//div[@data-section='section-header-search']</arg>
<doc>Click the element identified by ``locator``.</doc>
<status status="PASS" start="2024-05-03T17:14:48.003411" elapsed="0.027019"/>
</kw>
<kw name="Wait Until Page Contains Element" owner="SeleniumLibrary">
<arg>locator=(//input[contains(@name,'s')])[1]</arg>
<arg>timeout= 12</arg>
<doc>Waits until the element ``locator`` appears on the current page.</doc>
<status status="PASS" start="2024-05-03T17:14:48.030657" elapsed="0.007976"/>
</kw>
<kw name="Input Text" owner="SeleniumLibrary">
<msg time="2024-05-03T17:14:48.039112" level="INFO">Typing text '!@#' into text field '(//input[contains(@name,'s')])[1]'.</msg>
<arg>locator=(//input[contains(@name,'s')])[1]</arg>
<arg>text=!@#</arg>
<doc>Types the given ``text`` into the text field identified by ``locator``.</doc>
<status status="PASS" start="2024-05-03T17:14:48.038890" elapsed="0.051932"/>
</kw>
<kw name="Wait Until Page Contains Element" owner="SeleniumLibrary">
<arg>locator=(//input[contains(@name,'s')])[1]</arg>
<arg>timeout= 12</arg>
<doc>Waits until the element ``locator`` appears on the current page.</doc>
<status status="PASS" start="2024-05-03T17:14:48.091025" elapsed="0.004429"/>
</kw>
<kw name="Click Element" owner="SeleniumLibrary">
<msg time="2024-05-03T17:14:48.095797" level="INFO">Clicking element '//div[@data-section='section-header-search']'.</msg>
<arg>locator=//div[@data-section='section-header-search']</arg>
<doc>Click the element identified by ``locator``.</doc>
<status status="PASS" start="2024-05-03T17:14:48.095627" elapsed="1.165070"/>
</kw>
<kw name="Capture Page Screenshot" owner="SeleniumLibrary">
<msg time="2024-05-03T17:14:49.419301" level="INFO" html="true">&lt;/td&gt;&lt;/tr&gt;&lt;tr&gt;&lt;td colspan="3"&gt;&lt;a href="selenium-screenshot-19.png"&gt;&lt;img src="selenium-screenshot-19.png" width="800px"&gt;&lt;/a&gt;</msg>
<doc>Takes a screenshot of the current page and embeds it into a log file.</doc>
<status status="PASS" start="2024-05-03T17:14:49.260920" elapsed="0.158503"/>
</kw>
<kw name="Wait Until Page Contains" owner="SeleniumLibrary">
<arg>text=Lamentamos, mas nada foi encontrado para sua pesquisa, tente novamente com outras palavras.</arg>
<arg>timeout= 5</arg>
<doc>Waits until ``text`` appears on the current page.</doc>
<status status="PASS" start="2024-05-03T17:14:49.419638" elapsed="0.009225"/>
</kw>
<kw name="Capture Page Screenshot" owner="SeleniumLibrary">
<msg time="2024-05-03T17:14:49.554053" level="INFO" html="true">&lt;/td&gt;&lt;/tr&gt;&lt;tr&gt;&lt;td colspan="3"&gt;&lt;a href="selenium-screenshot-20.png"&gt;&lt;img src="selenium-screenshot-20.png" width="800px"&gt;&lt;/a&gt;</msg>
<doc>Takes a screenshot of the current page and embeds it into a log file.</doc>
<status status="PASS" start="2024-05-03T17:14:49.429130" elapsed="0.125027"/>
</kw>
<status status="PASS" start="2024-05-03T17:14:47.994265" elapsed="1.559982"/>
</kw>
<kw name="Fechar Blog" owner="agi_resources" type="TEARDOWN">
<kw name="Capture Page Screenshot" owner="SeleniumLibrary">
<msg time="2024-05-03T17:14:49.692185" level="INFO" html="true">&lt;/td&gt;&lt;/tr&gt;&lt;tr&gt;&lt;td colspan="3"&gt;&lt;a href="selenium-screenshot-21.png"&gt;&lt;img src="selenium-screenshot-21.png" width="800px"&gt;&lt;/a&gt;</msg>
<doc>Takes a screenshot of the current page and embeds it into a log file.</doc>
<status status="PASS" start="2024-05-03T17:14:49.554778" elapsed="0.137507"/>
</kw>
<kw name="Close Browser" owner="SeleniumLibrary">
<doc>Closes the current browser.</doc>
<status status="PASS" start="2024-05-03T17:14:49.692459" elapsed="0.061312"/>
</kw>
<status status="PASS" start="2024-05-03T17:14:49.554524" elapsed="0.199423"/>
</kw>
<status status="PASS" start="2024-05-03T17:14:36.393085" elapsed="13.361002"/>
</test>
<test id="s1-t5" name="Então realizo a validação de opção de inscrição" line="31">
<kw name="Abrir Blog" owner="agi_resources" type="SETUP">
<kw name="Abrir Browser" owner="agi_resources">
<kw name="Get Driver Path With Browser" owner="Mycode">
<msg time="2024-05-03T17:14:49.755970" level="INFO">====== WebDriver manager ======</msg>
<msg time="2024-05-03T17:14:49.807670" level="INFO">Get LATEST chromedriver version for google-chrome</msg>
<msg time="2024-05-03T17:14:52.877343" level="INFO">Get LATEST chromedriver version for google-chrome</msg>
<msg time="2024-05-03T17:14:55.944484" level="INFO">Driver [/home/thiago/.wdm/drivers/chromedriver/linux64/123.0.6312.122/chromedriver-linux64/chromedriver] found in cache</msg>
<msg time="2024-05-03T17:14:55.944604" level="INFO">/home/thiago/.wdm/drivers/chromedriver/linux64/123.0.6312.122/chromedriver-linux64/chromedriver</msg>
<msg time="2024-05-03T17:14:55.944707" level="INFO">${driver_path} = /home/thiago/.wdm/drivers/chromedriver/linux64/123.0.6312.122/chromedriver-linux64/chromedriver</msg>
<var>${driver_path}</var>
<arg>chrome</arg>
<status status="PASS" start="2024-05-03T17:14:49.755271" elapsed="6.189463"/>
</kw>
<kw name="Open Browser" owner="SeleniumLibrary">
<msg time="2024-05-03T17:14:55.945217" level="INFO">Opening browser 'chrome' to base url 'https://agibank.com.br/'.</msg>
<arg>https://agibank.com.br/</arg>
<arg>chrome</arg>
<arg>executable_path=${driver_path}</arg>
<doc>Opens a new browser instance to the optional ``url``.</doc>
<status status="PASS" start="2024-05-03T17:14:55.944950" elapsed="3.883884"/>
</kw>
<kw name="Maximize Browser Window" owner="SeleniumLibrary">
<doc>Maximizes current browser window.</doc>
<status status="PASS" start="2024-05-03T17:14:59.829034" elapsed="0.117655"/>
</kw>
<kw name="Capture Page Screenshot" owner="SeleniumLibrary">
<msg time="2024-05-03T17:15:00.318646" level="INFO" html="true">&lt;/td&gt;&lt;/tr&gt;&lt;tr&gt;&lt;td colspan="3"&gt;&lt;a href="selenium-screenshot-22.png"&gt;&lt;img src="selenium-screenshot-22.png" width="800px"&gt;&lt;/a&gt;</msg>
<doc>Takes a screenshot of the current page and embeds it into a log file.</doc>
<status status="PASS" start="2024-05-03T17:14:59.946959" elapsed="0.371804"/>
</kw>
<status status="PASS" start="2024-05-03T17:14:49.755051" elapsed="10.563817"/>
</kw>
<status status="PASS" start="2024-05-03T17:14:49.754799" elapsed="10.564117"/>
</kw>
<kw name="Dado que acessei o Blog da Agi" owner="agi_resources">
<kw name="Go To" owner="SeleniumLibrary">
<msg time="2024-05-03T17:15:00.319508" level="INFO">Opening url 'https://blogdoagi.com.br/'</msg>
<arg>https://blogdoagi.com.br/</arg>
<doc>Navigates the current browser window to the provided ``url``.</doc>
<status status="PASS" start="2024-05-03T17:15:00.319399" elapsed="0.524974"/>
</kw>
<kw name="Capture Page Screenshot" owner="SeleniumLibrary">
<msg time="2024-05-03T17:15:01.097633" level="INFO" html="true">&lt;/td&gt;&lt;/tr&gt;&lt;tr&gt;&lt;td colspan="3"&gt;&lt;a href="selenium-screenshot-23.png"&gt;&lt;img src="selenium-screenshot-23.png" width="800px"&gt;&lt;/a&gt;</msg>
<doc>Takes a screenshot of the current page and embeds it into a log file.</doc>
<status status="PASS" start="2024-05-03T17:15:00.844830" elapsed="0.252937"/>
</kw>
<status status="PASS" start="2024-05-03T17:15:00.319156" elapsed="0.778710"/>
</kw>
<kw name="Quando o Blog for apresentado" owner="agi_resources">
<kw name="Wait Until Page Contains" owner="SeleniumLibrary">
<arg>text=Blog</arg>
<arg>timeout=5</arg>
<doc>Waits until ``text`` appears on the current page.</doc>
<status status="PASS" start="2024-05-03T17:15:01.098337" elapsed="0.012481"/>
</kw>
<kw name="Capture Page Screenshot" owner="SeleniumLibrary">
<msg time="2024-05-03T17:15:01.354074" level="INFO" html="true">&lt;/td&gt;&lt;/tr&gt;&lt;tr&gt;&lt;td colspan="3"&gt;&lt;a href="selenium-screenshot-24.png"&gt;&lt;img src="selenium-screenshot-24.png" width="800px"&gt;&lt;/a&gt;</msg>
<doc>Takes a screenshot of the current page and embeds it into a log file.</doc>
<status status="PASS" start="2024-05-03T17:15:01.111038" elapsed="0.243140"/>
</kw>
<status status="PASS" start="2024-05-03T17:15:01.098085" elapsed="0.256182"/>
</kw>
<kw name="Então realizo a validação de opção de inscrição" owner="agi_resources">
<kw name="Wait Until Page Contains Element" owner="SeleniumLibrary">
<arg>locator=//div[@data-section='section-header-search']</arg>
<arg>timeout= 12</arg>
<doc>Waits until the element ``locator`` appears on the current page.</doc>
<status status="PASS" start="2024-05-03T17:15:01.354752" elapsed="0.007855"/>
</kw>
<kw name="Click Element" owner="SeleniumLibrary">
<msg time="2024-05-03T17:15:01.363224" level="INFO">Clicking element '//div[@data-section='section-header-search']'.</msg>
<arg>locator=//div[@data-section='section-header-search']</arg>
<doc>Click the element identified by ``locator``.</doc>
<status status="PASS" start="2024-05-03T17:15:01.362888" elapsed="0.026653"/>
</kw>
<kw name="Wait Until Page Contains Element" owner="SeleniumLibrary">
<arg>locator=(//input[contains(@name,'s')])[1]</arg>
<arg>timeout= 12</arg>
<doc>Waits until the element ``locator`` appears on the current page.</doc>
<status status="PASS" start="2024-05-03T17:15:01.389849" elapsed="0.007356"/>
</kw>
<kw name="Sleep" owner="BuiltIn">
<msg time="2024-05-03T17:15:09.397732" level="INFO">Slept 8 seconds.</msg>
<arg>8</arg>
<doc>Pauses the test executed for the given time.</doc>
<status status="PASS" start="2024-05-03T17:15:01.397409" elapsed="8.000551"/>
</kw>
<kw name="Input Text" owner="SeleniumLibrary">
<msg time="2024-05-03T17:15:09.398873" level="INFO">Typing text '01/05/2024' into text field '(//input[contains(@name,'s')])[1]'.</msg>
<arg>locator=(//input[contains(@name,'s')])[1]</arg>
<arg>text=01/05/2024</arg>
<doc>Types the given ``text`` into the text field identified by ``locator``.</doc>
<status status="PASS" start="2024-05-03T17:15:09.398400" elapsed="0.066231"/>
</kw>
<kw name="Sleep" owner="BuiltIn">
<msg time="2024-05-03T17:15:17.465281" level="INFO">Slept 8 seconds.</msg>
<arg>8</arg>
<doc>Pauses the test executed for the given time.</doc>
<status status="PASS" start="2024-05-03T17:15:09.464832" elapsed="8.000700"/>
</kw>
<kw name="Click Element" owner="SeleniumLibrary">
<msg time="2024-05-03T17:15:17.466479" level="INFO">Clicking element '//div[@data-section='section-header-search']'.</msg>
<arg>locator=//div[@data-section='section-header-search']</arg>
<doc>Click the element identified by ``locator``.</doc>
<status status="PASS" start="2024-05-03T17:15:17.465972" elapsed="1.161068"/>
</kw>
<kw name="Capture Page Screenshot" owner="SeleniumLibrary">
<msg time="2024-05-03T17:15:18.785096" level="INFO" html="true">&lt;/td&gt;&lt;/tr&gt;&lt;tr&gt;&lt;td colspan="3"&gt;&lt;a href="selenium-screenshot-25.png"&gt;&lt;img src="selenium-screenshot-25.png" width="800px"&gt;&lt;/a&gt;</msg>
<doc>Takes a screenshot of the current page and embeds it into a log file.</doc>
<status status="PASS" start="2024-05-03T17:15:18.627263" elapsed="0.157934"/>
</kw>
<kw name="Wait Until Page Contains Element" owner="SeleniumLibrary">
<arg>locator=//aside[contains(@id,'blog_subscription-3')]</arg>
<arg>timeout= 12</arg>
<doc>Waits until the element ``locator`` appears on the current page.</doc>
<status status="PASS" start="2024-05-03T17:15:18.785361" elapsed="0.007789"/>
</kw>
<kw name="Capture Page Screenshot" owner="SeleniumLibrary">
<msg time="2024-05-03T17:15:18.960556" level="INFO" html="true">&lt;/td&gt;&lt;/tr&gt;&lt;tr&gt;&lt;td colspan="3"&gt;&lt;a href="selenium-screenshot-26.png"&gt;&lt;img src="selenium-screenshot-26.png" width="800px"&gt;&lt;/a&gt;</msg>
<doc>Takes a screenshot of the current page and embeds it into a log file.</doc>
<status status="PASS" start="2024-05-03T17:15:18.793352" elapsed="0.167312"/>
</kw>
<status status="PASS" start="2024-05-03T17:15:01.354504" elapsed="17.606255"/>
</kw>
<kw name="Fechar Blog" owner="agi_resources" type="TEARDOWN">
<kw name="Capture Page Screenshot" owner="SeleniumLibrary">
<msg time="2024-05-03T17:15:19.139864" level="INFO" html="true">&lt;/td&gt;&lt;/tr&gt;&lt;tr&gt;&lt;td colspan="3"&gt;&lt;a href="selenium-screenshot-27.png"&gt;&lt;img src="selenium-screenshot-27.png" width="800px"&gt;&lt;/a&gt;</msg>
<doc>Takes a screenshot of the current page and embeds it into a log file.</doc>
<status status="PASS" start="2024-05-03T17:15:18.961311" elapsed="0.178675"/>
</kw>
<kw name="Close Browser" owner="SeleniumLibrary">
<doc>Closes the current browser.</doc>
<status status="PASS" start="2024-05-03T17:15:19.140186" elapsed="0.062858"/>
</kw>
<status status="PASS" start="2024-05-03T17:15:18.961050" elapsed="0.242211"/>
</kw>
<status status="PASS" start="2024-05-03T17:14:49.754386" elapsed="29.449002"/>
</test>
<status status="FAIL" start="2024-05-03T17:13:41.226321" elapsed="97.978050"/>
</suite>
<statistics>
<total>
<stat pass="4" fail="1" skip="0">All Tests</stat>
</total>
<tag>
</tag>
<suite>
<stat pass="4" fail="1" skip="0" id="s1" name="Agi Testes">Agi Testes</stat>
</suite>
</statistics>
<errors>
<msg time="2024-05-03T17:13:41.332432" level="ERROR">Error in file '/home/thiago/teste/teste_agibank/Resource/agi_resources.robot' on line 5: Library 'Mycode.py' does not exist.</msg>
</errors>
</robot>
