<?xml version="1.0" encoding="UTF-8"?>
<robot generator="Robot 7.0 (Python 3.10.12 on linux)" generated="2024-05-02T01:26:21.932642" rpa="false" schemaversion="5">
<suite id="s1" name="Agi Testes" source="/home/thiago/teste_agibank/testes/agi_testes.robot">
<kw name="Abrir whatsapp" type="SETUP">
<msg time="2024-05-02T01:26:22.003918" level="FAIL">No keyword with name 'Abrir whatsapp' found.</msg>
<status status="FAIL" start="2024-05-02T01:26:22.003871" elapsed="0.000087">No keyword with name 'Abrir whatsapp' found.</status>
</kw>
<test id="s1-t1" name="Abrir WPP" line="14">
<tag>[assv-1010]</tag>
<tag>[Branch-1]</tag>
<tag>[Coleta]</tag>
<tag>[Integrado]</tag>
<tag>[WEB]</tag>
<status status="FAIL" start="2024-05-02T01:26:22.004054" elapsed="0.000235">Parent suite setup failed:
No keyword with name 'Abrir whatsapp' found.</status>
</test>
<doc>testes WPP</doc>
<status status="FAIL" start="2024-05-02T01:26:21.933269" elapsed="0.071323">Suite setup failed:
No keyword with name 'Abrir whatsapp' found.</status>
</suite>
<statistics>
<total>
<stat pass="0" fail="1" skip="0">All Tests</stat>
</total>
<tag>
<stat pass="0" fail="1" skip="0">[assv-1010]</stat>
<stat pass="0" fail="1" skip="0">[Branch-1]</stat>
<stat pass="0" fail="1" skip="0">[Coleta]</stat>
<stat pass="0" fail="1" skip="0">[Integrado]</stat>
<stat pass="0" fail="1" skip="0">[WEB]</stat>
</tag>
<suite>
<stat pass="0" fail="1" skip="0" id="s1" name="Agi Testes">Agi Testes</stat>
</suite>
</statistics>
<errors>
<msg time="2024-05-02T01:26:22.002159" level="ERROR">Error in file '/home/thiago/teste_agibank/testes/agi_testes.robot' on line 3: Library 'Mycode.py' does not exist.</msg>
<msg time="2024-05-02T01:26:22.002251" level="ERROR">Error in file '/home/thiago/teste_agibank/testes/agi_testes.robot' on line 6: Resource file '/testes/Resource/agi_resources.robot' does not exist.</msg>
</errors>
</robot>
