<?xml version="1.0" encoding="UTF-8"?>
<robot generator="Robot 7.0 (Python 3.10.12 on linux)" generated="2024-05-02T14:39:06.675334" rpa="false" schemaversion="5">
<suite id="s1" name="Agi Testes" source="/home/thiago/teste_agibank/agi_testes.robot">
<test id="s1-t1" name="Abrir blog do Agi" line="11">
<kw name="Abrir Blog" owner="agi_resources" type="SETUP">
<kw name="Abrir Browser" owner="agi_resources">
<kw name="Get Driver Path With Browser" owner="Mycode">
<msg time="2024-05-02T14:39:06.779739" level="INFO">====== WebDriver manager ======</msg>
<msg time="2024-05-02T14:39:06.823307" level="INFO">Get LATEST chromedriver version for google-chrome</msg>
<msg time="2024-05-02T14:39:09.893180" level="INFO">Get LATEST chromedriver version for google-chrome</msg>
<msg time="2024-05-02T14:39:12.971500" level="INFO">Driver [/home/thiago/.wdm/drivers/chromedriver/linux64/123.0.6312.122/chromedriver-linux64/chromedriver] found in cache</msg>
<msg time="2024-05-02T14:39:12.971613" level="INFO">/home/thiago/.wdm/drivers/chromedriver/linux64/123.0.6312.122/chromedriver-linux64/chromedriver</msg>
<msg time="2024-05-02T14:39:12.971716" level="INFO">${driver_path} = /home/thiago/.wdm/drivers/chromedriver/linux64/123.0.6312.122/chromedriver-linux64/chromedriver</msg>
<var>${driver_path}</var>
<arg>chrome</arg>
<status status="PASS" start="2024-05-02T14:39:06.779596" elapsed="6.192148"/>
</kw>
<kw name="Open Browser" owner="SeleniumLibrary">
<msg time="2024-05-02T14:39:12.972614" level="INFO">Opening browser 'chrome' to base url 'https://agibank.com.br/'.</msg>
<arg>https://agibank.com.br/</arg>
<arg>chrome</arg>
<arg>executable_path=${driver_path}</arg>
<doc>Opens a new browser instance to the optional ``url``.</doc>
<status status="PASS" start="2024-05-02T14:39:12.972333" elapsed="4.125353"/>
</kw>
<kw name="Maximize Browser Window" owner="SeleniumLibrary">
<doc>Maximizes current browser window.</doc>
<status status="PASS" start="2024-05-02T14:39:17.097897" elapsed="0.106097"/>
</kw>
<kw name="Capture Page Screenshot" owner="SeleniumLibrary">
<msg time="2024-05-02T14:39:17.591689" level="INFO" html="true">&lt;/td&gt;&lt;/tr&gt;&lt;tr&gt;&lt;td colspan="3"&gt;&lt;a href="selenium-screenshot-77.png"&gt;&lt;img src="selenium-screenshot-77.png" width="800px"&gt;&lt;/a&gt;</msg>
<doc>Takes a screenshot of the current page and embeds it into a log file.</doc>
<status status="PASS" start="2024-05-02T14:39:17.204425" elapsed="0.387382"/>
</kw>
<status status="PASS" start="2024-05-02T14:39:06.779373" elapsed="10.812542"/>
</kw>
<status status="PASS" start="2024-05-02T14:39:06.779152" elapsed="10.812812"/>
</kw>
<kw name="Dado que acessei o Blog da Agi" owner="agi_resources">
<kw name="Go To" owner="SeleniumLibrary">
<msg time="2024-05-02T14:39:17.592602" level="INFO">Opening url 'https://blogdoagi.com.br/'</msg>
<arg>https://blogdoagi.com.br/</arg>
<doc>Navigates the current browser window to the provided ``url``.</doc>
<status status="PASS" start="2024-05-02T14:39:17.592499" elapsed="0.642335"/>
</kw>
<kw name="Capture Page Screenshot" owner="SeleniumLibrary">
<msg time="2024-05-02T14:39:18.548160" level="INFO" html="true">&lt;/td&gt;&lt;/tr&gt;&lt;tr&gt;&lt;td colspan="3"&gt;&lt;a href="selenium-screenshot-78.png"&gt;&lt;img src="selenium-screenshot-78.png" width="800px"&gt;&lt;/a&gt;</msg>
<doc>Takes a screenshot of the current page and embeds it into a log file.</doc>
<status status="PASS" start="2024-05-02T14:39:18.235382" elapsed="0.312874"/>
</kw>
<status status="PASS" start="2024-05-02T14:39:17.592215" elapsed="0.956127"/>
</kw>
<kw name="Quando o Blog for apresentado" owner="agi_resources">
<kw name="Wait Until Page Contains" owner="SeleniumLibrary">
<arg>text=Blog</arg>
<arg>timeout=5</arg>
<doc>Waits until ``text`` appears on the current page.</doc>
<status status="PASS" start="2024-05-02T14:39:18.548833" elapsed="0.014946"/>
</kw>
<kw name="Capture Page Screenshot" owner="SeleniumLibrary">
<msg time="2024-05-02T14:39:18.860042" level="INFO" html="true">&lt;/td&gt;&lt;/tr&gt;&lt;tr&gt;&lt;td colspan="3"&gt;&lt;a href="selenium-screenshot-79.png"&gt;&lt;img src="selenium-screenshot-79.png" width="800px"&gt;&lt;/a&gt;</msg>
<doc>Takes a screenshot of the current page and embeds it into a log file.</doc>
<status status="PASS" start="2024-05-02T14:39:18.563984" elapsed="0.296156"/>
</kw>
<status status="PASS" start="2024-05-02T14:39:18.548545" elapsed="0.311679"/>
</kw>
<kw name="Então será validada a página do Blog" owner="agi_resources">
<kw name="Title Should Be" owner="SeleniumLibrary">
<msg time="2024-05-02T14:39:18.863973" level="INFO">Page title is 'Blog do Agi | Tudo sobre empréstimo e educação financeira'.</msg>
<arg>title=Blog do Agi | Tudo sobre empréstimo e educação financeira</arg>
<doc>Verifies that the current page title equals ``title``.</doc>
<status status="PASS" start="2024-05-02T14:39:18.860711" elapsed="0.003334"/>
</kw>
<kw name="Sleep" owner="BuiltIn">
<msg time="2024-05-02T14:39:21.864591" level="INFO">Slept 3 seconds.</msg>
<arg>3</arg>
<doc>Pauses the test executed for the given time.</doc>
<status status="PASS" start="2024-05-02T14:39:18.864171" elapsed="3.000657"/>
</kw>
<kw name="Capture Page Screenshot" owner="SeleniumLibrary">
<msg time="2024-05-02T14:39:22.182669" level="INFO" html="true">&lt;/td&gt;&lt;/tr&gt;&lt;tr&gt;&lt;td colspan="3"&gt;&lt;a href="selenium-screenshot-80.png"&gt;&lt;img src="selenium-screenshot-80.png" width="800px"&gt;&lt;/a&gt;</msg>
<doc>Takes a screenshot of the current page and embeds it into a log file.</doc>
<status status="PASS" start="2024-05-02T14:39:21.865248" elapsed="0.317532"/>
</kw>
<status status="PASS" start="2024-05-02T14:39:18.860460" elapsed="3.322407"/>
</kw>
<kw name="Fechar Blog" owner="agi_resources" type="TEARDOWN">
<kw name="Capture Page Screenshot" owner="SeleniumLibrary">
<msg time="2024-05-02T14:39:22.491124" level="INFO" html="true">&lt;/td&gt;&lt;/tr&gt;&lt;tr&gt;&lt;td colspan="3"&gt;&lt;a href="selenium-screenshot-81.png"&gt;&lt;img src="selenium-screenshot-81.png" width="800px"&gt;&lt;/a&gt;</msg>
<doc>Takes a screenshot of the current page and embeds it into a log file.</doc>
<status status="PASS" start="2024-05-02T14:39:22.183391" elapsed="0.307844"/>
</kw>
<kw name="Close Browser" owner="SeleniumLibrary">
<doc>Closes the current browser.</doc>
<status status="PASS" start="2024-05-02T14:39:22.491409" elapsed="0.060933"/>
</kw>
<status status="PASS" start="2024-05-02T14:39:22.183156" elapsed="0.369333"/>
</kw>
<status status="PASS" start="2024-05-02T14:39:06.778812" elapsed="15.773789"/>
</test>
<test id="s1-t2" name="Validar o campo pesquisa lado direito" line="16">
<kw name="Abrir Blog" owner="agi_resources" type="SETUP">
<kw name="Abrir Browser" owner="agi_resources">
<kw name="Get Driver Path With Browser" owner="Mycode">
<msg time="2024-05-02T14:39:22.554024" level="INFO">====== WebDriver manager ======</msg>
<msg time="2024-05-02T14:39:22.619000" level="INFO">Get LATEST chromedriver version for google-chrome</msg>
<msg time="2024-05-02T14:39:25.689274" level="INFO">Get LATEST chromedriver version for google-chrome</msg>
<msg time="2024-05-02T14:39:28.758048" level="INFO">Driver [/home/thiago/.wdm/drivers/chromedriver/linux64/123.0.6312.122/chromedriver-linux64/chromedriver] found in cache</msg>
<msg time="2024-05-02T14:39:28.758150" level="INFO">/home/thiago/.wdm/drivers/chromedriver/linux64/123.0.6312.122/chromedriver-linux64/chromedriver</msg>
<msg time="2024-05-02T14:39:28.758241" level="INFO">${driver_path} = /home/thiago/.wdm/drivers/chromedriver/linux64/123.0.6312.122/chromedriver-linux64/chromedriver</msg>
<var>${driver_path}</var>
<arg>chrome</arg>
<status status="PASS" start="2024-05-02T14:39:22.553852" elapsed="6.204412"/>
</kw>
<kw name="Open Browser" owner="SeleniumLibrary">
<msg time="2024-05-02T14:39:28.758724" level="INFO">Opening browser 'chrome' to base url 'https://agibank.com.br/'.</msg>
<arg>https://agibank.com.br/</arg>
<arg>chrome</arg>
<arg>executable_path=${driver_path}</arg>
<doc>Opens a new browser instance to the optional ``url``.</doc>
<status status="PASS" start="2024-05-02T14:39:28.758464" elapsed="3.822058"/>
</kw>
<kw name="Maximize Browser Window" owner="SeleniumLibrary">
<doc>Maximizes current browser window.</doc>
<status status="PASS" start="2024-05-02T14:39:32.580720" elapsed="0.111157"/>
</kw>
<kw name="Capture Page Screenshot" owner="SeleniumLibrary">
<msg time="2024-05-02T14:39:33.081881" level="INFO" html="true">&lt;/td&gt;&lt;/tr&gt;&lt;tr&gt;&lt;td colspan="3"&gt;&lt;a href="selenium-screenshot-82.png"&gt;&lt;img src="selenium-screenshot-82.png" width="800px"&gt;&lt;/a&gt;</msg>
<doc>Takes a screenshot of the current page and embeds it into a log file.</doc>
<status status="PASS" start="2024-05-02T14:39:32.692090" elapsed="0.389894"/>
</kw>
<status status="PASS" start="2024-05-02T14:39:22.553676" elapsed="10.528401"/>
</kw>
<status status="PASS" start="2024-05-02T14:39:22.553393" elapsed="10.528729"/>
</kw>
<kw name="Dado que acessei o Blog da Agi" owner="agi_resources">
<kw name="Go To" owner="SeleniumLibrary">
<msg time="2024-05-02T14:39:33.082727" level="INFO">Opening url 'https://blogdoagi.com.br/'</msg>
<arg>https://blogdoagi.com.br/</arg>
<doc>Navigates the current browser window to the provided ``url``.</doc>
<status status="PASS" start="2024-05-02T14:39:33.082622" elapsed="0.835549"/>
</kw>
<kw name="Capture Page Screenshot" owner="SeleniumLibrary">
<msg time="2024-05-02T14:39:34.237909" level="INFO" html="true">&lt;/td&gt;&lt;/tr&gt;&lt;tr&gt;&lt;td colspan="3"&gt;&lt;a href="selenium-screenshot-83.png"&gt;&lt;img src="selenium-screenshot-83.png" width="800px"&gt;&lt;/a&gt;</msg>
<doc>Takes a screenshot of the current page and embeds it into a log file.</doc>
<status status="PASS" start="2024-05-02T14:39:33.918672" elapsed="0.319343"/>
</kw>
<status status="PASS" start="2024-05-02T14:39:33.082357" elapsed="1.155754"/>
</kw>
<kw name="Quando o Blog for apresentado" owner="agi_resources">
<kw name="Wait Until Page Contains" owner="SeleniumLibrary">
<arg>text=Blog</arg>
<arg>timeout=5</arg>
<doc>Waits until ``text`` appears on the current page.</doc>
<status status="PASS" start="2024-05-02T14:39:34.238674" elapsed="0.012286"/>
</kw>
<kw name="Capture Page Screenshot" owner="SeleniumLibrary">
<msg time="2024-05-02T14:39:34.547697" level="INFO" html="true">&lt;/td&gt;&lt;/tr&gt;&lt;tr&gt;&lt;td colspan="3"&gt;&lt;a href="selenium-screenshot-84.png"&gt;&lt;img src="selenium-screenshot-84.png" width="800px"&gt;&lt;/a&gt;</msg>
<doc>Takes a screenshot of the current page and embeds it into a log file.</doc>
<status status="PASS" start="2024-05-02T14:39:34.251175" elapsed="0.296615"/>
</kw>
<status status="PASS" start="2024-05-02T14:39:34.238374" elapsed="0.309508"/>
</kw>
<kw name="Então válido o botão de pesquisa" owner="agi_resources">
<kw name="Wait Until Page Contains Element" owner="SeleniumLibrary">
<arg>locator=//div[@data-section='section-header-search']</arg>
<arg>timeout= 12</arg>
<doc>Waits until the element ``locator`` appears on the current page.</doc>
<status status="PASS" start="2024-05-02T14:39:34.548306" elapsed="0.008459"/>
</kw>
<kw name="Click Element" owner="SeleniumLibrary">
<msg time="2024-05-02T14:39:34.557252" level="INFO">Clicking element '//div[@data-section='section-header-search']'.</msg>
<arg>locator=//div[@data-section='section-header-search']</arg>
<doc>Click the element identified by ``locator``.</doc>
<status status="PASS" start="2024-05-02T14:39:34.557016" elapsed="0.027483"/>
</kw>
<kw name="Wait Until Page Contains Element" owner="SeleniumLibrary">
<arg>locator=(//input[contains(@name,'s')])[1]</arg>
<arg>timeout= 12</arg>
<doc>Waits until the element ``locator`` appears on the current page.</doc>
<status status="PASS" start="2024-05-02T14:39:34.584712" elapsed="0.008559"/>
</kw>
<kw name="Input Text" owner="SeleniumLibrary">
<msg time="2024-05-02T14:39:34.593799" level="INFO">Typing text 'teste' into text field '(//input[contains(@name,'s')])[1]'.</msg>
<arg>locator=(//input[contains(@name,'s')])[1]</arg>
<arg>text=teste</arg>
<doc>Types the given ``text`` into the text field identified by ``locator``.</doc>
<status status="PASS" start="2024-05-02T14:39:34.593564" elapsed="0.052253"/>
</kw>
<kw name="Click Element" owner="SeleniumLibrary">
<msg time="2024-05-02T14:39:34.646216" level="INFO">Clicking element '//div[@data-section='section-header-search']'.</msg>
<arg>locator=//div[@data-section='section-header-search']</arg>
<doc>Click the element identified by ``locator``.</doc>
<status status="PASS" start="2024-05-02T14:39:34.646026" elapsed="0.033917"/>
</kw>
<kw name="Capture Page Screenshot" owner="SeleniumLibrary">
<msg time="2024-05-02T14:39:35.078445" level="INFO" html="true">&lt;/td&gt;&lt;/tr&gt;&lt;tr&gt;&lt;td colspan="3"&gt;&lt;a href="selenium-screenshot-85.png"&gt;&lt;img src="selenium-screenshot-85.png" width="800px"&gt;&lt;/a&gt;</msg>
<doc>Takes a screenshot of the current page and embeds it into a log file.</doc>
<status status="PASS" start="2024-05-02T14:39:34.680161" elapsed="0.398391"/>
</kw>
<status status="PASS" start="2024-05-02T14:39:34.548079" elapsed="0.530590"/>
</kw>
<kw name="Fechar Blog" owner="agi_resources" type="TEARDOWN">
<kw name="Capture Page Screenshot" owner="SeleniumLibrary">
<msg time="2024-05-02T14:39:35.214931" level="INFO" html="true">&lt;/td&gt;&lt;/tr&gt;&lt;tr&gt;&lt;td colspan="3"&gt;&lt;a href="selenium-screenshot-86.png"&gt;&lt;img src="selenium-screenshot-86.png" width="800px"&gt;&lt;/a&gt;</msg>
<doc>Takes a screenshot of the current page and embeds it into a log file.</doc>
<status status="PASS" start="2024-05-02T14:39:35.079195" elapsed="0.135832"/>
</kw>
<kw name="Close Browser" owner="SeleniumLibrary">
<doc>Closes the current browser.</doc>
<status status="PASS" start="2024-05-02T14:39:35.215186" elapsed="0.062994"/>
</kw>
<status status="PASS" start="2024-05-02T14:39:35.078952" elapsed="0.199360"/>
</kw>
<status status="PASS" start="2024-05-02T14:39:22.552967" elapsed="12.725436"/>
</test>
<test id="s1-t3" name="Validar pesquisa por data" line="21">
<kw name="Abrir Blog" owner="agi_resources" type="SETUP">
<kw name="Abrir Browser" owner="agi_resources">
<kw name="Get Driver Path With Browser" owner="Mycode">
<msg time="2024-05-02T14:39:35.279922" level="INFO">====== WebDriver manager ======</msg>
<msg time="2024-05-02T14:39:35.328843" level="INFO">Get LATEST chromedriver version for google-chrome</msg>
<msg time="2024-05-02T14:39:38.404400" level="INFO">Get LATEST chromedriver version for google-chrome</msg>
<msg time="2024-05-02T14:39:41.484129" level="INFO">Driver [/home/thiago/.wdm/drivers/chromedriver/linux64/123.0.6312.122/chromedriver-linux64/chromedriver] found in cache</msg>
<msg time="2024-05-02T14:39:41.484239" level="INFO">/home/thiago/.wdm/drivers/chromedriver/linux64/123.0.6312.122/chromedriver-linux64/chromedriver</msg>
<msg time="2024-05-02T14:39:41.484330" level="INFO">${driver_path} = /home/thiago/.wdm/drivers/chromedriver/linux64/123.0.6312.122/chromedriver-linux64/chromedriver</msg>
<var>${driver_path}</var>
<arg>chrome</arg>
<status status="PASS" start="2024-05-02T14:39:35.279590" elapsed="6.204763"/>
</kw>
<kw name="Open Browser" owner="SeleniumLibrary">
<msg time="2024-05-02T14:39:41.484761" level="INFO">Opening browser 'chrome' to base url 'https://agibank.com.br/'.</msg>
<arg>https://agibank.com.br/</arg>
<arg>chrome</arg>
<arg>executable_path=${driver_path}</arg>
<doc>Opens a new browser instance to the optional ``url``.</doc>
<status status="PASS" start="2024-05-02T14:39:41.484532" elapsed="4.289009"/>
</kw>
<kw name="Maximize Browser Window" owner="SeleniumLibrary">
<doc>Maximizes current browser window.</doc>
<status status="PASS" start="2024-05-02T14:39:45.773739" elapsed="0.102075"/>
</kw>
<kw name="Capture Page Screenshot" owner="SeleniumLibrary">
<msg time="2024-05-02T14:39:46.251965" level="INFO" html="true">&lt;/td&gt;&lt;/tr&gt;&lt;tr&gt;&lt;td colspan="3"&gt;&lt;a href="selenium-screenshot-87.png"&gt;&lt;img src="selenium-screenshot-87.png" width="800px"&gt;&lt;/a&gt;</msg>
<doc>Takes a screenshot of the current page and embeds it into a log file.</doc>
<status status="PASS" start="2024-05-02T14:39:45.876044" elapsed="0.376022"/>
</kw>
<status status="PASS" start="2024-05-02T14:39:35.279418" elapsed="10.972743"/>
</kw>
<status status="PASS" start="2024-05-02T14:39:35.279146" elapsed="10.973102"/>
</kw>
<kw name="Dado que acessei o Blog da Agi" owner="agi_resources">
<kw name="Go To" owner="SeleniumLibrary">
<msg time="2024-05-02T14:39:46.252838" level="INFO">Opening url 'https://blogdoagi.com.br/'</msg>
<arg>https://blogdoagi.com.br/</arg>
<doc>Navigates the current browser window to the provided ``url``.</doc>
<status status="PASS" start="2024-05-02T14:39:46.252736" elapsed="0.627807"/>
</kw>
<kw name="Capture Page Screenshot" owner="SeleniumLibrary">
<msg time="2024-05-02T14:39:47.177752" level="INFO" html="true">&lt;/td&gt;&lt;/tr&gt;&lt;tr&gt;&lt;td colspan="3"&gt;&lt;a href="selenium-screenshot-88.png"&gt;&lt;img src="selenium-screenshot-88.png" width="800px"&gt;&lt;/a&gt;</msg>
<doc>Takes a screenshot of the current page and embeds it into a log file.</doc>
<status status="PASS" start="2024-05-02T14:39:46.880830" elapsed="0.297035"/>
</kw>
<status status="PASS" start="2024-05-02T14:39:46.252486" elapsed="0.925470"/>
</kw>
<kw name="Quando o Blog for apresentado" owner="agi_resources">
<kw name="Wait Until Page Contains" owner="SeleniumLibrary">
<arg>text=Blog</arg>
<arg>timeout=5</arg>
<doc>Waits until ``text`` appears on the current page.</doc>
<status status="PASS" start="2024-05-02T14:39:47.178397" elapsed="0.012527"/>
</kw>
<kw name="Capture Page Screenshot" owner="SeleniumLibrary">
<msg time="2024-05-02T14:39:47.501270" level="INFO" html="true">&lt;/td&gt;&lt;/tr&gt;&lt;tr&gt;&lt;td colspan="3"&gt;&lt;a href="selenium-screenshot-89.png"&gt;&lt;img src="selenium-screenshot-89.png" width="800px"&gt;&lt;/a&gt;</msg>
<doc>Takes a screenshot of the current page and embeds it into a log file.</doc>
<status status="PASS" start="2024-05-02T14:39:47.191133" elapsed="0.310233"/>
</kw>
<status status="PASS" start="2024-05-02T14:39:47.178168" elapsed="0.323288"/>
</kw>
<kw name="Então realizo uma pesquisa por data" owner="agi_resources">
<kw name="Wait Until Page Contains Element" owner="SeleniumLibrary">
<arg>locator=//div[@data-section='section-header-search']</arg>
<arg>timeout= 12</arg>
<doc>Waits until the element ``locator`` appears on the current page.</doc>
<status status="PASS" start="2024-05-02T14:39:47.501948" elapsed="0.008042"/>
</kw>
<kw name="Click Element" owner="SeleniumLibrary">
<msg time="2024-05-02T14:39:47.510571" level="INFO">Clicking element '//div[@data-section='section-header-search']'.</msg>
<arg>locator=//div[@data-section='section-header-search']</arg>
<doc>Click the element identified by ``locator``.</doc>
<status status="PASS" start="2024-05-02T14:39:47.510280" elapsed="0.027552"/>
</kw>
<kw name="Wait Until Page Contains Element" owner="SeleniumLibrary">
<arg>locator=(//input[contains(@name,'s')])[1]</arg>
<arg>timeout= 12</arg>
<doc>Waits until the element ``locator`` appears on the current page.</doc>
<status status="PASS" start="2024-05-02T14:39:47.538057" elapsed="0.021416"/>
</kw>
<kw name="Input Text" owner="SeleniumLibrary">
<msg time="2024-05-02T14:39:47.559903" level="INFO">Typing text '01/05/2024' into text field '(//input[contains(@name,'s')])[1]'.</msg>
<arg>locator=(//input[contains(@name,'s')])[1]</arg>
<arg>text=01/05/2024</arg>
<doc>Types the given ``text`` into the text field identified by ``locator``.</doc>
<status status="PASS" start="2024-05-02T14:39:47.559685" elapsed="0.052594"/>
</kw>
<kw name="Sleep" owner="BuiltIn">
<msg time="2024-05-02T14:39:55.612910" level="INFO">Slept 8 seconds.</msg>
<arg>8</arg>
<doc>Pauses the test executed for the given time.</doc>
<status status="PASS" start="2024-05-02T14:39:47.612484" elapsed="8.000661"/>
</kw>
<kw name="Click Element" owner="SeleniumLibrary">
<msg time="2024-05-02T14:39:55.614003" level="INFO">Clicking element '//div[@data-section='section-header-search']'.</msg>
<arg>locator=//div[@data-section='section-header-search']</arg>
<doc>Click the element identified by ``locator``.</doc>
<status status="PASS" start="2024-05-02T14:39:55.613567" elapsed="0.056426"/>
</kw>
<kw name="Capture Page Screenshot" owner="SeleniumLibrary">
<msg time="2024-05-02T14:39:55.918497" level="INFO" html="true">&lt;/td&gt;&lt;/tr&gt;&lt;tr&gt;&lt;td colspan="3"&gt;&lt;a href="selenium-screenshot-90.png"&gt;&lt;img src="selenium-screenshot-90.png" width="800px"&gt;&lt;/a&gt;</msg>
<doc>Takes a screenshot of the current page and embeds it into a log file.</doc>
<status status="PASS" start="2024-05-02T14:39:55.670209" elapsed="0.248403"/>
</kw>
<status status="PASS" start="2024-05-02T14:39:47.501681" elapsed="8.417021"/>
</kw>
<kw name="Fechar Blog" owner="agi_resources" type="TEARDOWN">
<kw name="Capture Page Screenshot" owner="SeleniumLibrary">
<msg time="2024-05-02T14:39:56.056456" level="INFO" html="true">&lt;/td&gt;&lt;/tr&gt;&lt;tr&gt;&lt;td colspan="3"&gt;&lt;a href="selenium-screenshot-91.png"&gt;&lt;img src="selenium-screenshot-91.png" width="800px"&gt;&lt;/a&gt;</msg>
<doc>Takes a screenshot of the current page and embeds it into a log file.</doc>
<status status="PASS" start="2024-05-02T14:39:55.919219" elapsed="0.137387"/>
</kw>
<kw name="Close Browser" owner="SeleniumLibrary">
<doc>Closes the current browser.</doc>
<status status="PASS" start="2024-05-02T14:39:56.056830" elapsed="0.065442"/>
</kw>
<status status="PASS" start="2024-05-02T14:39:55.918965" elapsed="0.203509"/>
</kw>
<status status="PASS" start="2024-05-02T14:39:35.278770" elapsed="20.843864"/>
</test>
<test id="s1-t4" name="Validar pesquisa com dados inválidos" line="26">
<kw name="Abrir Blog" owner="agi_resources" type="SETUP">
<kw name="Abrir Browser" owner="agi_resources">
<kw name="Get Driver Path With Browser" owner="Mycode">
<msg time="2024-05-02T14:39:56.124559" level="INFO">====== WebDriver manager ======</msg>
<msg time="2024-05-02T14:39:56.176405" level="INFO">Get LATEST chromedriver version for google-chrome</msg>
<msg time="2024-05-02T14:39:59.254622" level="INFO">Get LATEST chromedriver version for google-chrome</msg>
<msg time="2024-05-02T14:40:02.332752" level="INFO">Driver [/home/thiago/.wdm/drivers/chromedriver/linux64/123.0.6312.122/chromedriver-linux64/chromedriver] found in cache</msg>
<msg time="2024-05-02T14:40:02.332904" level="INFO">/home/thiago/.wdm/drivers/chromedriver/linux64/123.0.6312.122/chromedriver-linux64/chromedriver</msg>
<msg time="2024-05-02T14:40:02.333045" level="INFO">${driver_path} = /home/thiago/.wdm/drivers/chromedriver/linux64/123.0.6312.122/chromedriver-linux64/chromedriver</msg>
<var>${driver_path}</var>
<arg>chrome</arg>
<status status="PASS" start="2024-05-02T14:39:56.124299" elapsed="6.208785"/>
</kw>
<kw name="Open Browser" owner="SeleniumLibrary">
<msg time="2024-05-02T14:40:02.333734" level="INFO">Opening browser 'chrome' to base url 'https://agibank.com.br/'.</msg>
<arg>https://agibank.com.br/</arg>
<arg>chrome</arg>
<arg>executable_path=${driver_path}</arg>
<doc>Opens a new browser instance to the optional ``url``.</doc>
<status status="PASS" start="2024-05-02T14:40:02.333367" elapsed="3.904572"/>
</kw>
<kw name="Maximize Browser Window" owner="SeleniumLibrary">
<doc>Maximizes current browser window.</doc>
<status status="PASS" start="2024-05-02T14:40:06.238139" elapsed="0.102444"/>
</kw>
<kw name="Capture Page Screenshot" owner="SeleniumLibrary">
<msg time="2024-05-02T14:40:06.731654" level="INFO" html="true">&lt;/td&gt;&lt;/tr&gt;&lt;tr&gt;&lt;td colspan="3"&gt;&lt;a href="selenium-screenshot-92.png"&gt;&lt;img src="selenium-screenshot-92.png" width="800px"&gt;&lt;/a&gt;</msg>
<doc>Takes a screenshot of the current page and embeds it into a log file.</doc>
<status status="PASS" start="2024-05-02T14:40:06.340944" elapsed="0.390811"/>
</kw>
<status status="PASS" start="2024-05-02T14:39:56.124006" elapsed="10.607839"/>
</kw>
<status status="PASS" start="2024-05-02T14:39:56.123457" elapsed="10.608428"/>
</kw>
<kw name="Dado que acessei o Blog da Agi" owner="agi_resources">
<kw name="Go To" owner="SeleniumLibrary">
<msg time="2024-05-02T14:40:06.732406" level="INFO">Opening url 'https://blogdoagi.com.br/'</msg>
<arg>https://blogdoagi.com.br/</arg>
<doc>Navigates the current browser window to the provided ``url``.</doc>
<status status="PASS" start="2024-05-02T14:40:06.732314" elapsed="0.620663"/>
</kw>
<kw name="Capture Page Screenshot" owner="SeleniumLibrary">
<msg time="2024-05-02T14:40:07.668824" level="INFO" html="true">&lt;/td&gt;&lt;/tr&gt;&lt;tr&gt;&lt;td colspan="3"&gt;&lt;a href="selenium-screenshot-93.png"&gt;&lt;img src="selenium-screenshot-93.png" width="800px"&gt;&lt;/a&gt;</msg>
<doc>Takes a screenshot of the current page and embeds it into a log file.</doc>
<status status="PASS" start="2024-05-02T14:40:07.353313" elapsed="0.315614"/>
</kw>
<status status="PASS" start="2024-05-02T14:40:06.732088" elapsed="0.936931"/>
</kw>
<kw name="Quando o Blog for apresentado" owner="agi_resources">
<kw name="Wait Until Page Contains" owner="SeleniumLibrary">
<arg>text=Blog</arg>
<arg>timeout=5</arg>
<doc>Waits until ``text`` appears on the current page.</doc>
<status status="PASS" start="2024-05-02T14:40:07.669487" elapsed="0.011943"/>
</kw>
<kw name="Capture Page Screenshot" owner="SeleniumLibrary">
<msg time="2024-05-02T14:40:07.992195" level="INFO" html="true">&lt;/td&gt;&lt;/tr&gt;&lt;tr&gt;&lt;td colspan="3"&gt;&lt;a href="selenium-screenshot-94.png"&gt;&lt;img src="selenium-screenshot-94.png" width="800px"&gt;&lt;/a&gt;</msg>
<doc>Takes a screenshot of the current page and embeds it into a log file.</doc>
<status status="PASS" start="2024-05-02T14:40:07.681646" elapsed="0.310658"/>
</kw>
<status status="PASS" start="2024-05-02T14:40:07.669245" elapsed="0.323153"/>
</kw>
<kw name="Então realizo uma pesquisa com dados inválidos" owner="agi_resources">
<kw name="Wait Until Page Contains Element" owner="SeleniumLibrary">
<arg>locator=//div[@data-section='section-header-search']</arg>
<arg>timeout= 12</arg>
<doc>Waits until the element ``locator`` appears on the current page.</doc>
<status status="PASS" start="2024-05-02T14:40:07.992928" elapsed="0.007920"/>
</kw>
<kw name="Click Element" owner="SeleniumLibrary">
<msg time="2024-05-02T14:40:08.001292" level="INFO">Clicking element '//div[@data-section='section-header-search']'.</msg>
<arg>locator=//div[@data-section='section-header-search']</arg>
<doc>Click the element identified by ``locator``.</doc>
<status status="PASS" start="2024-05-02T14:40:08.001083" elapsed="0.040514"/>
</kw>
<kw name="Wait Until Page Contains Element" owner="SeleniumLibrary">
<arg>locator=(//input[contains(@name,'s')])[1]</arg>
<arg>timeout= 12</arg>
<doc>Waits until the element ``locator`` appears on the current page.</doc>
<status status="PASS" start="2024-05-02T14:40:08.041803" elapsed="0.007039"/>
</kw>
<kw name="Input Text" owner="SeleniumLibrary">
<msg time="2024-05-02T14:40:08.049301" level="INFO">Typing text '!@#' into text field '(//input[contains(@name,'s')])[1]'.</msg>
<arg>locator=(//input[contains(@name,'s')])[1]</arg>
<arg>text=!@#</arg>
<doc>Types the given ``text`` into the text field identified by ``locator``.</doc>
<status status="PASS" start="2024-05-02T14:40:08.049070" elapsed="0.054368"/>
</kw>
<kw name="Wait Until Page Contains Element" owner="SeleniumLibrary">
<arg>locator=(//input[contains(@name,'s')])[1]</arg>
<arg>timeout= 12</arg>
<doc>Waits until the element ``locator`` appears on the current page.</doc>
<status status="PASS" start="2024-05-02T14:40:08.103635" elapsed="0.006363"/>
</kw>
<kw name="Click Element" owner="SeleniumLibrary">
<msg time="2024-05-02T14:40:08.110481" level="INFO">Clicking element '//div[@data-section='section-header-search']'.</msg>
<arg>locator=//div[@data-section='section-header-search']</arg>
<doc>Click the element identified by ``locator``.</doc>
<status status="PASS" start="2024-05-02T14:40:08.110270" elapsed="1.125122"/>
</kw>
<kw name="Capture Page Screenshot" owner="SeleniumLibrary">
<msg time="2024-05-02T14:40:09.354687" level="INFO" html="true">&lt;/td&gt;&lt;/tr&gt;&lt;tr&gt;&lt;td colspan="3"&gt;&lt;a href="selenium-screenshot-95.png"&gt;&lt;img src="selenium-screenshot-95.png" width="800px"&gt;&lt;/a&gt;</msg>
<doc>Takes a screenshot of the current page and embeds it into a log file.</doc>
<status status="PASS" start="2024-05-02T14:40:09.235598" elapsed="0.119188"/>
</kw>
<kw name="Wait Until Page Contains" owner="SeleniumLibrary">
<arg>text=Lamentamos, mas nada foi encontrado para sua pesquisa, tente novamente com outras palavras.</arg>
<arg>timeout= 5</arg>
<doc>Waits until ``text`` appears on the current page.</doc>
<status status="PASS" start="2024-05-02T14:40:09.354942" elapsed="0.009603"/>
</kw>
<kw name="Capture Page Screenshot" owner="SeleniumLibrary">
<msg time="2024-05-02T14:40:09.478288" level="INFO" html="true">&lt;/td&gt;&lt;/tr&gt;&lt;tr&gt;&lt;td colspan="3"&gt;&lt;a href="selenium-screenshot-96.png"&gt;&lt;img src="selenium-screenshot-96.png" width="800px"&gt;&lt;/a&gt;</msg>
<doc>Takes a screenshot of the current page and embeds it into a log file.</doc>
<status status="PASS" start="2024-05-02T14:40:09.364742" elapsed="0.113642"/>
</kw>
<status status="PASS" start="2024-05-02T14:40:07.992667" elapsed="1.485805"/>
</kw>
<kw name="Fechar Blog" owner="agi_resources" type="TEARDOWN">
<kw name="Capture Page Screenshot" owner="SeleniumLibrary">
<msg time="2024-05-02T14:40:09.590234" level="INFO" html="true">&lt;/td&gt;&lt;/tr&gt;&lt;tr&gt;&lt;td colspan="3"&gt;&lt;a href="selenium-screenshot-97.png"&gt;&lt;img src="selenium-screenshot-97.png" width="800px"&gt;&lt;/a&gt;</msg>
<doc>Takes a screenshot of the current page and embeds it into a log file.</doc>
<status status="PASS" start="2024-05-02T14:40:09.479026" elapsed="0.111305"/>
</kw>
<kw name="Close Browser" owner="SeleniumLibrary">
<doc>Closes the current browser.</doc>
<status status="PASS" start="2024-05-02T14:40:09.590489" elapsed="0.060189"/>
</kw>
<status status="PASS" start="2024-05-02T14:40:09.478770" elapsed="0.172044"/>
</kw>
<status status="PASS" start="2024-05-02T14:39:56.122927" elapsed="13.527988"/>
</test>
<test id="s1-t5" name="Então realizo a validação de opção de inscrição" line="31">
<kw name="Abrir Blog" owner="agi_resources" type="SETUP">
<kw name="Abrir Browser" owner="agi_resources">
<kw name="Get Driver Path With Browser" owner="Mycode">
<msg time="2024-05-02T14:40:09.652672" level="INFO">====== WebDriver manager ======</msg>
<msg time="2024-05-02T14:40:09.698278" level="INFO">Get LATEST chromedriver version for google-chrome</msg>
<msg time="2024-05-02T14:40:12.772287" level="INFO">Get LATEST chromedriver version for google-chrome</msg>
<msg time="2024-05-02T14:40:15.849889" level="INFO">Driver [/home/thiago/.wdm/drivers/chromedriver/linux64/123.0.6312.122/chromedriver-linux64/chromedriver] found in cache</msg>
<msg time="2024-05-02T14:40:15.850006" level="INFO">/home/thiago/.wdm/drivers/chromedriver/linux64/123.0.6312.122/chromedriver-linux64/chromedriver</msg>
<msg time="2024-05-02T14:40:15.850111" level="INFO">${driver_path} = /home/thiago/.wdm/drivers/chromedriver/linux64/123.0.6312.122/chromedriver-linux64/chromedriver</msg>
<var>${driver_path}</var>
<arg>chrome</arg>
<status status="PASS" start="2024-05-02T14:40:09.652440" elapsed="6.197699"/>
</kw>
<kw name="Open Browser" owner="SeleniumLibrary">
<msg time="2024-05-02T14:40:15.850626" level="INFO">Opening browser 'chrome' to base url 'https://agibank.com.br/'.</msg>
<arg>https://agibank.com.br/</arg>
<arg>chrome</arg>
<arg>executable_path=${driver_path}</arg>
<doc>Opens a new browser instance to the optional ``url``.</doc>
<status status="PASS" start="2024-05-02T14:40:15.850348" elapsed="3.906295"/>
</kw>
<kw name="Maximize Browser Window" owner="SeleniumLibrary">
<doc>Maximizes current browser window.</doc>
<status status="PASS" start="2024-05-02T14:40:19.756845" elapsed="0.105085"/>
</kw>
<kw name="Capture Page Screenshot" owner="SeleniumLibrary">
<msg time="2024-05-02T14:40:20.267129" level="INFO" html="true">&lt;/td&gt;&lt;/tr&gt;&lt;tr&gt;&lt;td colspan="3"&gt;&lt;a href="selenium-screenshot-98.png"&gt;&lt;img src="selenium-screenshot-98.png" width="800px"&gt;&lt;/a&gt;</msg>
<doc>Takes a screenshot of the current page and embeds it into a log file.</doc>
<status status="PASS" start="2024-05-02T14:40:19.862249" elapsed="0.404984"/>
</kw>
<status status="PASS" start="2024-05-02T14:40:09.652217" elapsed="10.615136"/>
</kw>
<status status="PASS" start="2024-05-02T14:40:09.651789" elapsed="10.615623"/>
</kw>
<kw name="Dado que acessei o Blog da Agi" owner="agi_resources">
<kw name="Go To" owner="SeleniumLibrary">
<msg time="2024-05-02T14:40:20.268026" level="INFO">Opening url 'https://blogdoagi.com.br/'</msg>
<arg>https://blogdoagi.com.br/</arg>
<doc>Navigates the current browser window to the provided ``url``.</doc>
<status status="PASS" start="2024-05-02T14:40:20.267928" elapsed="0.628742"/>
</kw>
<kw name="Capture Page Screenshot" owner="SeleniumLibrary">
<msg time="2024-05-02T14:40:21.203782" level="INFO" html="true">&lt;/td&gt;&lt;/tr&gt;&lt;tr&gt;&lt;td colspan="3"&gt;&lt;a href="selenium-screenshot-99.png"&gt;&lt;img src="selenium-screenshot-99.png" width="800px"&gt;&lt;/a&gt;</msg>
<doc>Takes a screenshot of the current page and embeds it into a log file.</doc>
<status status="PASS" start="2024-05-02T14:40:20.896985" elapsed="0.306898"/>
</kw>
<status status="PASS" start="2024-05-02T14:40:20.267672" elapsed="0.936301"/>
</kw>
<kw name="Quando o Blog for apresentado" owner="agi_resources">
<kw name="Wait Until Page Contains" owner="SeleniumLibrary">
<arg>text=Blog</arg>
<arg>timeout=5</arg>
<doc>Waits until ``text`` appears on the current page.</doc>
<status status="PASS" start="2024-05-02T14:40:21.204416" elapsed="0.011670"/>
</kw>
<kw name="Capture Page Screenshot" owner="SeleniumLibrary">
<msg time="2024-05-02T14:40:21.514656" level="INFO" html="true">&lt;/td&gt;&lt;/tr&gt;&lt;tr&gt;&lt;td colspan="3"&gt;&lt;a href="selenium-screenshot-100.png"&gt;&lt;img src="selenium-screenshot-100.png" width="800px"&gt;&lt;/a&gt;</msg>
<doc>Takes a screenshot of the current page and embeds it into a log file.</doc>
<status status="PASS" start="2024-05-02T14:40:21.216301" elapsed="0.298452"/>
</kw>
<status status="PASS" start="2024-05-02T14:40:21.204187" elapsed="0.310648"/>
</kw>
<kw name="Então realizo a validação de opção de inscrição" owner="agi_resources">
<kw name="Wait Until Page Contains Element" owner="SeleniumLibrary">
<arg>locator=//div[@data-section='section-header-search']</arg>
<arg>timeout= 12</arg>
<doc>Waits until the element ``locator`` appears on the current page.</doc>
<status status="PASS" start="2024-05-02T14:40:21.515329" elapsed="0.009477"/>
</kw>
<kw name="Click Element" owner="SeleniumLibrary">
<msg time="2024-05-02T14:40:21.525446" level="INFO">Clicking element '//div[@data-section='section-header-search']'.</msg>
<arg>locator=//div[@data-section='section-header-search']</arg>
<doc>Click the element identified by ``locator``.</doc>
<status status="PASS" start="2024-05-02T14:40:21.525133" elapsed="0.027264"/>
</kw>
<kw name="Wait Until Page Contains Element" owner="SeleniumLibrary">
<arg>locator=(//input[contains(@name,'s')])[1]</arg>
<arg>timeout= 12</arg>
<doc>Waits until the element ``locator`` appears on the current page.</doc>
<status status="PASS" start="2024-05-02T14:40:21.552647" elapsed="0.008061"/>
</kw>
<kw name="Sleep" owner="BuiltIn">
<msg time="2024-05-02T14:40:29.561304" level="INFO">Slept 8 seconds.</msg>
<arg>8</arg>
<doc>Pauses the test executed for the given time.</doc>
<status status="PASS" start="2024-05-02T14:40:21.560931" elapsed="8.000711"/>
</kw>
<kw name="Input Text" owner="SeleniumLibrary">
<msg time="2024-05-02T14:40:29.562621" level="INFO">Typing text '01/05/2024' into text field '(//input[contains(@name,'s')])[1]'.</msg>
<arg>locator=(//input[contains(@name,'s')])[1]</arg>
<arg>text=01/05/2024</arg>
<doc>Types the given ``text`` into the text field identified by ``locator``.</doc>
<status status="PASS" start="2024-05-02T14:40:29.562097" elapsed="0.053698"/>
</kw>
<kw name="Sleep" owner="BuiltIn">
<msg time="2024-05-02T14:40:37.616450" level="INFO">Slept 8 seconds.</msg>
<arg>8</arg>
<doc>Pauses the test executed for the given time.</doc>
<status status="PASS" start="2024-05-02T14:40:29.615992" elapsed="8.000713"/>
</kw>
<kw name="Click Element" owner="SeleniumLibrary">
<msg time="2024-05-02T14:40:37.617641" level="INFO">Clicking element '//div[@data-section='section-header-search']'.</msg>
<arg>locator=//div[@data-section='section-header-search']</arg>
<doc>Click the element identified by ``locator``.</doc>
<status status="PASS" start="2024-05-02T14:40:37.617160" elapsed="0.068303"/>
</kw>
<kw name="Capture Page Screenshot" owner="SeleniumLibrary">
<msg time="2024-05-02T14:40:38.722266" level="INFO" html="true">&lt;/td&gt;&lt;/tr&gt;&lt;tr&gt;&lt;td colspan="3"&gt;&lt;a href="selenium-screenshot-101.png"&gt;&lt;img src="selenium-screenshot-101.png" width="800px"&gt;&lt;/a&gt;</msg>
<doc>Takes a screenshot of the current page and embeds it into a log file.</doc>
<status status="PASS" start="2024-05-02T14:40:37.685685" elapsed="1.036716"/>
</kw>
<kw name="Wait Until Page Contains Element" owner="SeleniumLibrary">
<arg>locator=//aside[contains(@id,'blog_subscription-3')]</arg>
<arg>timeout= 12</arg>
<doc>Waits until the element ``locator`` appears on the current page.</doc>
<status status="PASS" start="2024-05-02T14:40:38.722654" elapsed="0.009819"/>
</kw>
<kw name="Capture Page Screenshot" owner="SeleniumLibrary">
<msg time="2024-05-02T14:40:38.858825" level="INFO" html="true">&lt;/td&gt;&lt;/tr&gt;&lt;tr&gt;&lt;td colspan="3"&gt;&lt;a href="selenium-screenshot-102.png"&gt;&lt;img src="selenium-screenshot-102.png" width="800px"&gt;&lt;/a&gt;</msg>
<doc>Takes a screenshot of the current page and embeds it into a log file.</doc>
<status status="PASS" start="2024-05-02T14:40:38.732676" elapsed="0.126306"/>
</kw>
<status status="PASS" start="2024-05-02T14:40:21.515044" elapsed="17.344056"/>
</kw>
<kw name="Fechar Blog" owner="agi_resources" type="TEARDOWN">
<kw name="Capture Page Screenshot" owner="SeleniumLibrary">
<msg time="2024-05-02T14:40:38.998006" level="INFO" html="true">&lt;/td&gt;&lt;/tr&gt;&lt;tr&gt;&lt;td colspan="3"&gt;&lt;a href="selenium-screenshot-103.png"&gt;&lt;img src="selenium-screenshot-103.png" width="800px"&gt;&lt;/a&gt;</msg>
<doc>Takes a screenshot of the current page and embeds it into a log file.</doc>
<status status="PASS" start="2024-05-02T14:40:38.859984" elapsed="0.138133"/>
</kw>
<kw name="Close Browser" owner="SeleniumLibrary">
<doc>Closes the current browser.</doc>
<status status="PASS" start="2024-05-02T14:40:38.998304" elapsed="0.061734"/>
</kw>
<status status="PASS" start="2024-05-02T14:40:38.859515" elapsed="0.200656"/>
</kw>
<status status="PASS" start="2024-05-02T14:40:09.651224" elapsed="29.409045"/>
</test>
<status status="PASS" start="2024-05-02T14:39:06.676060" elapsed="92.384670"/>
</suite>
<statistics>
<total>
<stat pass="5" fail="0" skip="0">All Tests</stat>
</total>
<tag>
</tag>
<suite>
<stat pass="5" fail="0" skip="0" id="s1" name="Agi Testes">Agi Testes</stat>
</suite>
</statistics>
<errors>
<msg time="2024-05-02T14:39:06.778396" level="ERROR">Error in file '/home/thiago/teste_agibank/Resource/agi_resources.robot' on line 5: Library 'Mycode.py' does not exist.</msg>
</errors>
</robot>
